2025-05-07 20:41:13,137 - ERROR - Error processing https://calendar.utdallas.edu/event/46269358620627/confirm: 404 Client Error: Not Found for url: https://calendar.utdallas.edu/event/46269358620627/confirm
2025-05-07 20:41:22,054 - ERROR - Error processing https://calendar.utdallas.edu/event/48543421009387/confirm: 404 Client Error: Not Found for url: https://calendar.utdallas.edu/event/48543421009387/confirm
2025-05-07 20:43:35,799 - ERROR - Error processing https://calendar.utdallas.edu/event/46269358620627/confirm: 404 Client Error: Not Found for url: https://calendar.utdallas.edu/event/46269358620627/confirm
2025-05-07 20:43:44,374 - ERROR - Error processing https://calendar.utdallas.edu/event/48543421009387/confirm: 404 Client Error: Not Found for url: https://calendar.utdallas.edu/event/48543421009387/confirm
2025-05-07 20:43:50,940 - ERROR - Error processing https://calendar.utdallas.edu/event/45587997773764/confirm: 404 Client Error: Not Found for url: https://calendar.utdallas.edu/event/45587997773764/confirm
2025-05-07 20:43:58,198 - ERROR - Error processing https://calendar.utdallas.edu/event/48668505719950/confirm: 404 Client Error: Not Found for url: https://calendar.utdallas.edu/event/48668505719950/confirm
2025-05-07 20:44:05,470 - ERROR - Error processing https://calendar.utdallas.edu/event/48668586876179/confirm: 404 Client Error: Not Found for url: https://calendar.utdallas.edu/event/48668586876179/confirm
2025-05-07 20:44:20,522 - ERROR - Error processing webcal://calendar.utdallas.edu/calendar/1.ics: No connection adapters were found for 'webcal://calendar.utdallas.edu/calendar/1.ics'
2025-05-07 20:44:39,532 - ERROR - Error processing https://calendar.utdallas.edu/calendar/1.xml: HTTPSConnectionPool(host='calendar.utdallas.edu', port=443): Read timed out. (read timeout=15)
2025-05-07 20:45:22,989 - ERROR - Error processing https://calendar.utdallas.edu/event/48668518862942/confirm: 404 Client Error: Not Found for url: https://calendar.utdallas.edu/event/48668518862942/confirm
2025-05-07 20:45:30,169 - ERROR - Error processing https://calendar.utdallas.edu/event/48668532659179/confirm: 404 Client Error: Not Found for url: https://calendar.utdallas.edu/event/48668532659179/confirm
2025-05-07 20:45:37,380 - ERROR - Error processing https://calendar.utdallas.edu/event/49037666348530/confirm: 404 Client Error: Not Found for url: https://calendar.utdallas.edu/event/49037666348530/confirm
2025-05-07 20:45:44,316 - ERROR - Error processing https://calendar.utdallas.edu/event/48668725534550/confirm: 404 Client Error: Not Found for url: https://calendar.utdallas.edu/event/48668725534550/confirm
2025-05-07 20:45:51,448 - ERROR - Error processing https://calendar.utdallas.edu/event/48871574494999/confirm: 404 Client Error: Not Found for url: https://calendar.utdallas.edu/event/48871574494999/confirm
2025-05-07 20:46:04,382 - ERROR - Error processing https://calendar.utdallas.edu/event/48668540986989/confirm: 404 Client Error: Not Found for url: https://calendar.utdallas.edu/event/48668540986989/confirm
2025-05-07 20:46:11,578 - ERROR - Error processing https://calendar.utdallas.edu/event/48728608427706/confirm: 404 Client Error: Not Found for url: https://calendar.utdallas.edu/event/48728608427706/confirm
2025-05-07 20:46:18,695 - ERROR - Error processing https://calendar.utdallas.edu/event/49108122078246/confirm: 404 Client Error: Not Found for url: https://calendar.utdallas.edu/event/49108122078246/confirm
2025-05-07 20:46:26,701 - ERROR - Error processing https://calendar.utdallas.edu/event/48738285465345/confirm: 404 Client Error: Not Found for url: https://calendar.utdallas.edu/event/48738285465345/confirm
2025-05-07 20:46:41,947 - ERROR - Error processing https://calendar.utdallas.edu/event/47287110753583/confirm: 404 Client Error: Not Found for url: https://calendar.utdallas.edu/event/47287110753583/confirm
2025-05-07 20:46:49,410 - ERROR - Error processing https://calendar.utdallas.edu/event/49268276132042/confirm: 404 Client Error: Not Found for url: https://calendar.utdallas.edu/event/49268276132042/confirm
2025-05-07 20:47:02,705 - ERROR - Error processing https://calendar.utdallas.edu/event/49144992414238/confirm: 404 Client Error: Not Found for url: https://calendar.utdallas.edu/event/49144992414238/confirm
2025-05-07 20:47:09,997 - ERROR - Error processing https://calendar.utdallas.edu/event/46332789475594/confirm: 404 Client Error: Not Found for url: https://calendar.utdallas.edu/event/46332789475594/confirm
2025-05-07 20:47:17,529 - ERROR - Error processing https://calendar.utdallas.edu/event/48552779635572/confirm: 404 Client Error: Not Found for url: https://calendar.utdallas.edu/event/48552779635572/confirm
2025-05-07 20:47:36,008 - ERROR - Error processing https://calendar.utdallas.edu/event/49400991666084/confirm: 404 Client Error: Not Found for url: https://calendar.utdallas.edu/event/49400991666084/confirm
2025-05-07 20:47:43,484 - ERROR - Error processing https://calendar.utdallas.edu/event/49059606894437/confirm: 404 Client Error: Not Found for url: https://calendar.utdallas.edu/event/49059606894437/confirm
2025-05-07 20:47:56,499 - ERROR - Error processing https://calendar.utdallas.edu/event/49116881067193/confirm: 404 Client Error: Not Found for url: https://calendar.utdallas.edu/event/49116881067193/confirm
2025-05-07 20:48:30,588 - ERROR - Error processing https://sg.utdallas.edu/committee/meetings: Exceeded 30 redirects.
2025-05-07 20:56:12,936 - ERROR - Error processing https://calendar.utdallas.edu/calendar/year/2024/5/7: HTTPSConnectionPool(host='calendar.utdallas.edu', port=443): Read timed out. (read timeout=15)
2025-05-07 20:56:19,198 - ERROR - Error processing webcal://calendar.utdallas.edu/calendar.ics: No connection adapters were found for 'webcal://calendar.utdallas.edu/calendar.ics'
2025-05-07 20:56:38,216 - ERROR - Error processing https://calendar.utdallas.edu/calendar.xml: HTTPSConnectionPool(host='calendar.utdallas.edu', port=443): Read timed out. (read timeout=15)
2025-05-07 20:57:51,750 - ERROR - Error processing https://calendar.utdallas.edu/event/49578900895619/confirm: 404 Client Error: Not Found for url: https://calendar.utdallas.edu/event/49578900895619/confirm
2025-05-07 20:57:58,721 - ERROR - Error processing https://calendar.utdallas.edu/event/49552159512985/confirm: 404 Client Error: Not Found for url: https://calendar.utdallas.edu/event/49552159512985/confirm
2025-05-07 20:58:05,877 - ERROR - Error processing https://calendar.utdallas.edu/event/48091891118255/confirm: 404 Client Error: Not Found for url: https://calendar.utdallas.edu/event/48091891118255/confirm
2025-05-07 20:58:12,842 - ERROR - Error processing https://calendar.utdallas.edu/event/48365997432506/confirm: 404 Client Error: Not Found for url: https://calendar.utdallas.edu/event/48365997432506/confirm
2025-05-07 20:58:19,922 - ERROR - Error processing https://calendar.utdallas.edu/event/48774460389955/confirm: 404 Client Error: Not Found for url: https://calendar.utdallas.edu/event/48774460389955/confirm
2025-05-07 20:58:26,804 - ERROR - Error processing https://calendar.utdallas.edu/event/49526015263494/confirm: 404 Client Error: Not Found for url: https://calendar.utdallas.edu/event/49526015263494/confirm
2025-05-07 20:58:33,881 - ERROR - Error processing https://calendar.utdallas.edu/event/49332098518212/confirm: 404 Client Error: Not Found for url: https://calendar.utdallas.edu/event/49332098518212/confirm
2025-05-07 20:58:45,398 - ERROR - Error processing https://calendar.utdallas.edu/event/48975598435775/confirm: 404 Client Error: Not Found for url: https://calendar.utdallas.edu/event/48975598435775/confirm
2025-05-07 21:24:37,810 - ERROR - Error processing https://calendar.utdallas.edu/event/45747677833929/confirm: 404 Client Error: Not Found for url: https://calendar.utdallas.edu/event/45747677833929/confirm
2025-05-07 21:24:44,934 - ERROR - Error processing https://calendar.utdallas.edu/event/44039884414943/confirm: 404 Client Error: Not Found for url: https://calendar.utdallas.edu/event/44039884414943/confirm
2025-05-07 21:24:58,947 - ERROR - Error processing webcal://calendar.utdallas.edu/search/events.ics.ics: No connection adapters were found for 'webcal://calendar.utdallas.edu/search/events.ics.ics'
2025-05-07 21:26:38,696 - ERROR - Error processing https://calendar.utdallas.edu/event/49472078244487/confirm: 404 Client Error: Not Found for url: https://calendar.utdallas.edu/event/49472078244487/confirm
2025-05-07 21:26:45,549 - ERROR - Error processing https://calendar.utdallas.edu/event/48967731271933/confirm: 404 Client Error: Not Found for url: https://calendar.utdallas.edu/event/48967731271933/confirm
2025-05-07 21:26:52,370 - ERROR - Error processing https://calendar.utdallas.edu/event/48967671454826/confirm: 404 Client Error: Not Found for url: https://calendar.utdallas.edu/event/48967671454826/confirm
2025-05-07 21:26:59,244 - ERROR - Error processing https://calendar.utdallas.edu/event/49233818541854/confirm: 404 Client Error: Not Found for url: https://calendar.utdallas.edu/event/49233818541854/confirm
2025-05-07 21:27:06,047 - ERROR - Error processing https://calendar.utdallas.edu/event/49118917468153/confirm: 404 Client Error: Not Found for url: https://calendar.utdallas.edu/event/49118917468153/confirm
2025-05-07 21:27:12,915 - ERROR - Error processing https://calendar.utdallas.edu/event/49118906425045/confirm: 404 Client Error: Not Found for url: https://calendar.utdallas.edu/event/49118906425045/confirm
2025-05-07 21:27:52,068 - ERROR - Error processing https://calendar.utdallas.edu/event/45587822667605/confirm: 404 Client Error: Not Found for url: https://calendar.utdallas.edu/event/45587822667605/confirm
2025-05-07 21:27:58,837 - ERROR - Error processing https://calendar.utdallas.edu/event/45587827814572/confirm: 404 Client Error: Not Found for url: https://calendar.utdallas.edu/event/45587827814572/confirm
2025-05-07 21:28:05,720 - ERROR - Error processing https://calendar.utdallas.edu/event/45587817563102/confirm: 404 Client Error: Not Found for url: https://calendar.utdallas.edu/event/45587817563102/confirm
2025-05-07 21:28:12,753 - ERROR - Error processing https://calendar.utdallas.edu/event/45587819921489/confirm: 404 Client Error: Not Found for url: https://calendar.utdallas.edu/event/45587819921489/confirm
2025-05-07 21:28:19,823 - ERROR - Error processing https://calendar.utdallas.edu/event/45587750828577/confirm: 404 Client Error: Not Found for url: https://calendar.utdallas.edu/event/45587750828577/confirm
2025-05-07 21:28:26,655 - ERROR - Error processing https://calendar.utdallas.edu/event/45587759297268/confirm: 404 Client Error: Not Found for url: https://calendar.utdallas.edu/event/45587759297268/confirm
2025-05-07 21:28:38,872 - ERROR - Error processing https://calendar.utdallas.edu/event/45587833295667/confirm: 404 Client Error: Not Found for url: https://calendar.utdallas.edu/event/45587833295667/confirm
2025-05-07 21:28:45,940 - ERROR - Error processing https://calendar.utdallas.edu/event/45587830117772/confirm: 404 Client Error: Not Found for url: https://calendar.utdallas.edu/event/45587830117772/confirm
2025-05-07 21:29:21,660 - ERROR - Error processing https://calendar.utdallas.edu/event/49420327740836/confirm: 404 Client Error: Not Found for url: https://calendar.utdallas.edu/event/49420327740836/confirm
2025-05-07 21:29:28,607 - ERROR - Error processing https://calendar.utdallas.edu/event/49409436769082/confirm: 404 Client Error: Not Found for url: https://calendar.utdallas.edu/event/49409436769082/confirm
2025-05-07 21:29:35,485 - ERROR - Error processing https://calendar.utdallas.edu/event/48996078959802/confirm: 404 Client Error: Not Found for url: https://calendar.utdallas.edu/event/48996078959802/confirm
2025-05-07 21:29:42,333 - ERROR - Error processing https://calendar.utdallas.edu/event/48676623343803/confirm: 404 Client Error: Not Found for url: https://calendar.utdallas.edu/event/48676623343803/confirm
2025-05-07 21:29:59,877 - ERROR - Error processing https://calendar.utdallas.edu/event/48986736155999/confirm: 404 Client Error: Not Found for url: https://calendar.utdallas.edu/event/48986736155999/confirm
2025-05-07 21:30:07,038 - ERROR - Error processing https://calendar.utdallas.edu/event/48686122546715/confirm: 404 Client Error: Not Found for url: https://calendar.utdallas.edu/event/48686122546715/confirm
2025-05-07 21:30:13,994 - ERROR - Error processing https://calendar.utdallas.edu/event/49488546730741/confirm: 404 Client Error: Not Found for url: https://calendar.utdallas.edu/event/49488546730741/confirm
2025-05-07 21:30:20,860 - ERROR - Error processing https://calendar.utdallas.edu/event/49488656459520/confirm: 404 Client Error: Not Found for url: https://calendar.utdallas.edu/event/49488656459520/confirm
2025-05-07 21:30:28,664 - ERROR - Error processing https://calendar.utdallas.edu/event/48685964146013/confirm: 404 Client Error: Not Found for url: https://calendar.utdallas.edu/event/48685964146013/confirm
2025-05-07 21:30:42,656 - ERROR - Error processing https://calendar.utdallas.edu/event/48852737575540/confirm: 404 Client Error: Not Found for url: https://calendar.utdallas.edu/event/48852737575540/confirm
2025-05-07 21:35:58,679 - ERROR - Error processing https://calendar.utdallas.edu/kec200000_371: 404 Client Error: Not Found for url: https://calendar.utdallas.edu/kec200000_371
2025-05-07 21:37:17,448 - ERROR - Error processing https://calendar.utdallas.edu/mxk230169_787: 404 Client Error: Not Found for url: https://calendar.utdallas.edu/mxk230169_787
2025-05-07 21:39:57,218 - ERROR - Error processing https://calendar.utdallas.edu/ssr200013_797: 404 Client Error: Not Found for url: https://calendar.utdallas.edu/ssr200013_797
2025-05-07 21:41:09,045 - ERROR - Error processing https://calendar.utdallas.edu/h1researcher6_124: 404 Client Error: Not Found for url: https://calendar.utdallas.edu/h1researcher6_124
2025-05-07 21:42:33,572 - ERROR - Error processing https://calendar.utdallas.edu/event/49365831391738/confirm: 404 Client Error: Not Found for url: https://calendar.utdallas.edu/event/49365831391738/confirm
2025-05-07 21:42:40,347 - ERROR - Error processing https://calendar.utdallas.edu/event/48976632627430/confirm: 404 Client Error: Not Found for url: https://calendar.utdallas.edu/event/48976632627430/confirm
2025-05-07 21:42:47,124 - ERROR - Error processing https://calendar.utdallas.edu/event/48976650317083/confirm: 404 Client Error: Not Found for url: https://calendar.utdallas.edu/event/48976650317083/confirm
2025-05-07 21:42:53,919 - ERROR - Error processing https://calendar.utdallas.edu/event/48976670921788/confirm: 404 Client Error: Not Found for url: https://calendar.utdallas.edu/event/48976670921788/confirm
2025-05-07 21:43:00,881 - ERROR - Error processing https://calendar.utdallas.edu/event/48976686794829/confirm: 404 Client Error: Not Found for url: https://calendar.utdallas.edu/event/48976686794829/confirm
2025-05-07 21:43:07,852 - ERROR - Error processing https://calendar.utdallas.edu/event/48976710797898/confirm: 404 Client Error: Not Found for url: https://calendar.utdallas.edu/event/48976710797898/confirm
2025-05-07 21:43:19,018 - ERROR - Error processing https://calendar.utdallas.edu/event/49102116101969/confirm: 404 Client Error: Not Found for url: https://calendar.utdallas.edu/event/49102116101969/confirm
2025-05-07 21:43:26,805 - ERROR - Error processing https://calendar.utdallas.edu/event/48676655538150/confirm: 404 Client Error: Not Found for url: https://calendar.utdallas.edu/event/48676655538150/confirm
2025-05-07 21:43:33,756 - ERROR - Error processing https://calendar.utdallas.edu/event/49094087500522/confirm: 404 Client Error: Not Found for url: https://calendar.utdallas.edu/event/49094087500522/confirm
2025-05-07 21:43:40,766 - ERROR - Error processing https://calendar.utdallas.edu/event/49094057547960/confirm: 404 Client Error: Not Found for url: https://calendar.utdallas.edu/event/49094057547960/confirm
2025-05-07 21:43:48,308 - ERROR - Error processing https://calendar.utdallas.edu/event/48676044391417/confirm: 404 Client Error: Not Found for url: https://calendar.utdallas.edu/event/48676044391417/confirm
2025-05-07 21:43:55,716 - ERROR - Error processing https://calendar.utdallas.edu/event/48665751037117/confirm: 404 Client Error: Not Found for url: https://calendar.utdallas.edu/event/48665751037117/confirm
2025-05-07 21:44:12,767 - ERROR - Error processing https://calendar.utdallas.edu/event/48774409582071/confirm: 404 Client Error: Not Found for url: https://calendar.utdallas.edu/event/48774409582071/confirm
2025-05-07 21:44:43,842 - ERROR - Error processing https://calendar.utdallas.edu/event/48737417587881/confirm: 404 Client Error: Not Found for url: https://calendar.utdallas.edu/event/48737417587881/confirm
2025-05-07 21:45:00,527 - ERROR - Error processing https://calendar.utdallas.edu/event/49146321064909/confirm: 404 Client Error: Not Found for url: https://calendar.utdallas.edu/event/49146321064909/confirm
2025-05-07 21:45:13,411 - ERROR - Error processing https://calendar.utdallas.edu/event/48677357907273/confirm: 404 Client Error: Not Found for url: https://calendar.utdallas.edu/event/48677357907273/confirm
2025-05-07 21:45:20,185 - ERROR - Error processing https://calendar.utdallas.edu/event/47658329048942/confirm: 404 Client Error: Not Found for url: https://calendar.utdallas.edu/event/47658329048942/confirm
2025-05-07 21:45:27,220 - ERROR - Error processing https://calendar.utdallas.edu/event/47357835812142/confirm: 404 Client Error: Not Found for url: https://calendar.utdallas.edu/event/47357835812142/confirm
2025-05-07 21:46:06,646 - ERROR - Error processing https://calendar.utdallas.edu/event/48976588924920/confirm: 404 Client Error: Not Found for url: https://calendar.utdallas.edu/event/48976588924920/confirm
2025-05-07 21:46:13,497 - ERROR - Error processing https://calendar.utdallas.edu/event/48976603256827/confirm: 404 Client Error: Not Found for url: https://calendar.utdallas.edu/event/48976603256827/confirm
2025-05-07 21:46:28,146 - ERROR - Error processing https://calendar.utdallas.edu/event/49418631170761/confirm: 404 Client Error: Not Found for url: https://calendar.utdallas.edu/event/49418631170761/confirm
2025-05-07 21:46:35,153 - ERROR - Error processing https://calendar.utdallas.edu/event/49418816436639/confirm: 404 Client Error: Not Found for url: https://calendar.utdallas.edu/event/49418816436639/confirm
2025-05-07 21:46:54,381 - ERROR - Error processing https://calendar.utdallas.edu/event/48746699428015/confirm: 404 Client Error: Not Found for url: https://calendar.utdallas.edu/event/48746699428015/confirm
2025-05-07 21:47:13,576 - ERROR - Error processing https://calendar.utdallas.edu/event/49287249501995/confirm: 404 Client Error: Not Found for url: https://calendar.utdallas.edu/event/49287249501995/confirm
2025-05-07 21:47:20,775 - ERROR - Error processing https://calendar.utdallas.edu/event/48311854530296/confirm: 404 Client Error: Not Found for url: https://calendar.utdallas.edu/event/48311854530296/confirm
2025-05-07 21:48:00,097 - ERROR - Error processing https://calendar.utdallas.edu/event/45339184141687/confirm: 404 Client Error: Not Found for url: https://calendar.utdallas.edu/event/45339184141687/confirm
2025-05-07 21:56:59,058 - ERROR - Error processing https://calendar.utdallas.edu/event/49276309110918/confirm: 404 Client Error: Not Found for url: https://calendar.utdallas.edu/event/49276309110918/confirm
2025-05-07 21:57:06,106 - ERROR - Error processing https://calendar.utdallas.edu/event/49276297847841/confirm: 404 Client Error: Not Found for url: https://calendar.utdallas.edu/event/49276297847841/confirm
2025-05-07 21:57:13,170 - ERROR - Error processing https://calendar.utdallas.edu/event/49276314164110/confirm: 404 Client Error: Not Found for url: https://calendar.utdallas.edu/event/49276314164110/confirm
2025-05-07 21:57:20,158 - ERROR - Error processing https://calendar.utdallas.edu/event/49276311636257/confirm: 404 Client Error: Not Found for url: https://calendar.utdallas.edu/event/49276311636257/confirm
2025-05-07 21:57:29,928 - ERROR - Error processing https://calendar.utdallas.edu/event/49276269293110/confirm: 404 Client Error: Not Found for url: https://calendar.utdallas.edu/event/49276269293110/confirm
2025-05-07 21:57:37,080 - ERROR - Error processing https://calendar.utdallas.edu/event/49276277103221/confirm: 404 Client Error: Not Found for url: https://calendar.utdallas.edu/event/49276277103221/confirm
2025-05-07 21:58:32,130 - ERROR - Error processing https://calendar.utdallas.edu/event/49276252919647/confirm: 404 Client Error: Not Found for url: https://calendar.utdallas.edu/event/49276252919647/confirm
2025-05-07 21:58:38,980 - ERROR - Error processing https://calendar.utdallas.edu/event/49276256963126/confirm: 404 Client Error: Not Found for url: https://calendar.utdallas.edu/event/49276256963126/confirm
2025-05-07 21:58:45,841 - ERROR - Error processing https://calendar.utdallas.edu/event/49276262132110/confirm: 404 Client Error: Not Found for url: https://calendar.utdallas.edu/event/49276262132110/confirm
2025-05-07 21:58:52,795 - ERROR - Error processing https://calendar.utdallas.edu/event/49276530410601/confirm: 404 Client Error: Not Found for url: https://calendar.utdallas.edu/event/49276530410601/confirm
2025-05-07 21:58:59,666 - ERROR - Error processing https://calendar.utdallas.edu/event/49241621670882/confirm: 404 Client Error: Not Found for url: https://calendar.utdallas.edu/event/49241621670882/confirm
2025-05-07 21:59:06,731 - ERROR - Error processing https://calendar.utdallas.edu/event/49276541396048/confirm: 404 Client Error: Not Found for url: https://calendar.utdallas.edu/event/49276541396048/confirm
2025-05-07 21:59:13,798 - ERROR - Error processing https://calendar.utdallas.edu/event/49276596781856/confirm: 404 Client Error: Not Found for url: https://calendar.utdallas.edu/event/49276596781856/confirm
2025-05-07 22:02:24,517 - ERROR - Error processing https://calendar.utdallas.edu/event/48739365103037/confirm: 404 Client Error: Not Found for url: https://calendar.utdallas.edu/event/48739365103037/confirm
2025-05-07 22:02:31,297 - ERROR - Error processing https://calendar.utdallas.edu/event/48960768634744/confirm: 404 Client Error: Not Found for url: https://calendar.utdallas.edu/event/48960768634744/confirm
2025-05-07 22:02:38,102 - ERROR - Error processing https://calendar.utdallas.edu/event/48914679169663/confirm: 404 Client Error: Not Found for url: https://calendar.utdallas.edu/event/48914679169663/confirm
2025-05-07 22:02:44,879 - ERROR - Error processing https://calendar.utdallas.edu/event/49526038281163/confirm: 404 Client Error: Not Found for url: https://calendar.utdallas.edu/event/49526038281163/confirm
2025-05-07 22:02:51,611 - ERROR - Error processing https://calendar.utdallas.edu/event/49578907724483/confirm: 404 Client Error: Not Found for url: https://calendar.utdallas.edu/event/49578907724483/confirm
2025-05-07 22:02:58,219 - ERROR - Error processing https://calendar.utdallas.edu/event/48987050325149/confirm: 404 Client Error: Not Found for url: https://calendar.utdallas.edu/event/48987050325149/confirm
2025-05-07 22:03:05,123 - ERROR - Error processing https://calendar.utdallas.edu/event/49524762544057/confirm: 404 Client Error: Not Found for url: https://calendar.utdallas.edu/event/49524762544057/confirm
2025-05-07 22:03:11,777 - ERROR - Error processing https://calendar.utdallas.edu/event/49516208094169/confirm: 404 Client Error: Not Found for url: https://calendar.utdallas.edu/event/49516208094169/confirm
2025-05-07 22:03:18,766 - ERROR - Error processing https://calendar.utdallas.edu/event/49535652772317/confirm: 404 Client Error: Not Found for url: https://calendar.utdallas.edu/event/49535652772317/confirm
2025-05-07 22:03:25,767 - ERROR - Error processing https://calendar.utdallas.edu/event/46332742735074/confirm: 404 Client Error: Not Found for url: https://calendar.utdallas.edu/event/46332742735074/confirm
2025-05-07 22:03:32,589 - ERROR - Error processing https://calendar.utdallas.edu/event/48613042189206/confirm: 404 Client Error: Not Found for url: https://calendar.utdallas.edu/event/48613042189206/confirm
2025-05-07 22:03:39,632 - ERROR - Error processing https://calendar.utdallas.edu/event/49403102078229/confirm: 404 Client Error: Not Found for url: https://calendar.utdallas.edu/event/49403102078229/confirm
2025-05-07 22:03:46,596 - ERROR - Error processing https://calendar.utdallas.edu/event/49400928400143/confirm: 404 Client Error: Not Found for url: https://calendar.utdallas.edu/event/49400928400143/confirm
2025-05-07 22:03:53,446 - ERROR - Error processing https://calendar.utdallas.edu/event/48960579993431/confirm: 404 Client Error: Not Found for url: https://calendar.utdallas.edu/event/48960579993431/confirm
2025-05-07 22:04:00,318 - ERROR - Error processing https://calendar.utdallas.edu/event/46675583342205/confirm: 404 Client Error: Not Found for url: https://calendar.utdallas.edu/event/46675583342205/confirm
2025-05-07 22:04:07,185 - ERROR - Error processing https://calendar.utdallas.edu/event/48526837999218/confirm: 404 Client Error: Not Found for url: https://calendar.utdallas.edu/event/48526837999218/confirm
2025-05-07 22:04:14,040 - ERROR - Error processing https://calendar.utdallas.edu/event/46675472963548/confirm: 404 Client Error: Not Found for url: https://calendar.utdallas.edu/event/46675472963548/confirm
2025-05-07 22:04:20,490 - ERROR - Error processing https://calendar.utdallas.edu/event/48975641465742/confirm: 404 Client Error: Not Found for url: https://calendar.utdallas.edu/event/48975641465742/confirm
2025-05-07 22:04:57,659 - ERROR - Error processing https://calendar.utdallas.edu/event/48783703541768/confirm: 404 Client Error: Not Found for url: https://calendar.utdallas.edu/event/48783703541768/confirm
2025-05-07 22:05:10,768 - ERROR - Error processing https://calendar.utdallas.edu/event/48738485321374/confirm: 404 Client Error: Not Found for url: https://calendar.utdallas.edu/event/48738485321374/confirm
2025-05-07 22:05:17,551 - ERROR - Error processing https://calendar.utdallas.edu/event/49517211403765/confirm: 404 Client Error: Not Found for url: https://calendar.utdallas.edu/event/49517211403765/confirm
2025-05-07 22:05:25,779 - ERROR - Error processing https://calendar.utdallas.edu/event/40739468219069/confirm: 404 Client Error: Not Found for url: https://calendar.utdallas.edu/event/40739468219069/confirm
2025-05-07 22:05:33,093 - ERROR - Error processing https://calendar.utdallas.edu/event/48587552599678/confirm: 404 Client Error: Not Found for url: https://calendar.utdallas.edu/event/48587552599678/confirm
2025-05-07 22:05:40,058 - ERROR - Error processing https://calendar.utdallas.edu/event/48119543368340/confirm: 404 Client Error: Not Found for url: https://calendar.utdallas.edu/event/48119543368340/confirm
2025-05-07 22:05:53,083 - ERROR - Error processing https://calendar.utdallas.edu/event/49471031055634/confirm: 404 Client Error: Not Found for url: https://calendar.utdallas.edu/event/49471031055634/confirm
2025-05-07 22:06:06,168 - ERROR - Error processing https://calendar.utdallas.edu/event/48976948084734/confirm: 404 Client Error: Not Found for url: https://calendar.utdallas.edu/event/48976948084734/confirm
2025-05-07 22:06:13,438 - ERROR - Error processing https://calendar.utdallas.edu/event/48844833865362/confirm: 404 Client Error: Not Found for url: https://calendar.utdallas.edu/event/48844833865362/confirm
2025-05-07 22:06:20,507 - ERROR - Error processing https://calendar.utdallas.edu/event/49526063648495/confirm: 404 Client Error: Not Found for url: https://calendar.utdallas.edu/event/49526063648495/confirm
2025-05-07 22:06:27,404 - ERROR - Error processing https://calendar.utdallas.edu/event/48967399399928/confirm: 404 Client Error: Not Found for url: https://calendar.utdallas.edu/event/48967399399928/confirm
2025-05-07 22:06:34,454 - ERROR - Error processing https://calendar.utdallas.edu/event/49145188469701/confirm: 404 Client Error: Not Found for url: https://calendar.utdallas.edu/event/49145188469701/confirm
2025-05-07 22:06:41,289 - ERROR - Error processing https://calendar.utdallas.edu/event/49580008626690/confirm: 404 Client Error: Not Found for url: https://calendar.utdallas.edu/event/49580008626690/confirm
2025-05-07 22:07:27,403 - ERROR - Error processing https://calendar.utdallas.edu/event/48552590959691/confirm: 404 Client Error: Not Found for url: https://calendar.utdallas.edu/event/48552590959691/confirm
2025-05-07 22:07:34,393 - ERROR - Error processing https://calendar.utdallas.edu/event/49580915371675/confirm: 404 Client Error: Not Found for url: https://calendar.utdallas.edu/event/49580915371675/confirm
2025-05-07 22:07:41,485 - ERROR - Error processing https://calendar.utdallas.edu/event/48730449626908/confirm: 404 Client Error: Not Found for url: https://calendar.utdallas.edu/event/48730449626908/confirm
2025-05-07 22:07:48,717 - ERROR - Error processing https://calendar.utdallas.edu/event/48906404447476/confirm: 404 Client Error: Not Found for url: https://calendar.utdallas.edu/event/48906404447476/confirm
2025-05-07 22:08:13,658 - ERROR - Error processing https://calendar.utdallas.edu/event/49526284865976/confirm: 404 Client Error: Not Found for url: https://calendar.utdallas.edu/event/49526284865976/confirm
2025-05-07 22:08:20,635 - ERROR - Error processing https://calendar.utdallas.edu/event/48366057101628/confirm: 404 Client Error: Not Found for url: https://calendar.utdallas.edu/event/48366057101628/confirm
2025-05-07 22:08:58,166 - ERROR - Error processing https://calendar.utdallas.edu/event/46941075315764/confirm: 404 Client Error: Not Found for url: https://calendar.utdallas.edu/event/46941075315764/confirm
2025-05-07 22:09:05,275 - ERROR - Error processing https://calendar.utdallas.edu/event/46941131948871/confirm: 404 Client Error: Not Found for url: https://calendar.utdallas.edu/event/46941131948871/confirm
2025-05-07 22:09:12,106 - ERROR - Error processing https://calendar.utdallas.edu/event/48092670524491/confirm: 404 Client Error: Not Found for url: https://calendar.utdallas.edu/event/48092670524491/confirm
2025-05-07 22:09:18,821 - ERROR - Error processing https://calendar.utdallas.edu/event/49312908901027/confirm: 404 Client Error: Not Found for url: https://calendar.utdallas.edu/event/49312908901027/confirm
2025-05-07 22:09:31,790 - ERROR - Error processing https://calendar.utdallas.edu/event/48976255399751/confirm: 404 Client Error: Not Found for url: https://calendar.utdallas.edu/event/48976255399751/confirm
2025-05-07 22:09:39,060 - ERROR - Error processing https://calendar.utdallas.edu/event/48527473661042/confirm: 404 Client Error: Not Found for url: https://calendar.utdallas.edu/event/48527473661042/confirm
2025-05-07 22:09:46,003 - ERROR - Error processing https://calendar.utdallas.edu/event/48224364869121/confirm: 404 Client Error: Not Found for url: https://calendar.utdallas.edu/event/48224364869121/confirm
2025-05-07 22:09:53,005 - ERROR - Error processing https://calendar.utdallas.edu/event/49526342683401/confirm: 404 Client Error: Not Found for url: https://calendar.utdallas.edu/event/49526342683401/confirm
2025-05-07 22:10:05,839 - ERROR - Error processing https://calendar.utdallas.edu/event/49551377932489/confirm: 404 Client Error: Not Found for url: https://calendar.utdallas.edu/event/49551377932489/confirm
2025-05-07 22:10:41,587 - ERROR - Error processing https://calendar.utdallas.edu/event/47040472425615/confirm: 404 Client Error: Not Found for url: https://calendar.utdallas.edu/event/47040472425615/confirm
2025-05-07 22:10:48,490 - ERROR - Error processing https://calendar.utdallas.edu/event/48807581896904/confirm: 404 Client Error: Not Found for url: https://calendar.utdallas.edu/event/48807581896904/confirm
2025-05-07 22:11:01,402 - ERROR - Error processing https://calendar.utdallas.edu/event/49535950695013/confirm: 404 Client Error: Not Found for url: https://calendar.utdallas.edu/event/49535950695013/confirm
2025-05-07 22:11:08,251 - ERROR - Error processing https://calendar.utdallas.edu/event/49145403519727/confirm: 404 Client Error: Not Found for url: https://calendar.utdallas.edu/event/49145403519727/confirm
2025-05-07 22:11:27,135 - ERROR - Error processing https://calendar.utdallas.edu/event/49580214702698/confirm: 404 Client Error: Not Found for url: https://calendar.utdallas.edu/event/49580214702698/confirm
2025-05-07 22:11:52,088 - ERROR - Error processing https://calendar.utdallas.edu/event/49427352471182/confirm: 404 Client Error: Not Found for url: https://calendar.utdallas.edu/event/49427352471182/confirm
2025-05-07 22:12:27,742 - ERROR - Error processing https://calendar.utdallas.edu/event/46818555342155/confirm: 404 Client Error: Not Found for url: https://calendar.utdallas.edu/event/46818555342155/confirm
2025-05-07 22:12:46,608 - ERROR - Error processing https://calendar.utdallas.edu/event/45587692425935/confirm: 404 Client Error: Not Found for url: https://calendar.utdallas.edu/event/45587692425935/confirm
2025-05-07 22:13:17,585 - ERROR - Error processing https://calendar.utdallas.edu/event/49524872757865/confirm: 404 Client Error: Not Found for url: https://calendar.utdallas.edu/event/49524872757865/confirm
2025-05-07 22:13:30,470 - ERROR - Error processing https://calendar.utdallas.edu/event/49488825697145/confirm: 404 Client Error: Not Found for url: https://calendar.utdallas.edu/event/49488825697145/confirm
2025-05-07 22:14:01,414 - ERROR - Error processing https://calendar.utdallas.edu/event/49277252022916/confirm: 404 Client Error: Not Found for url: https://calendar.utdallas.edu/event/49277252022916/confirm
2025-05-07 22:14:08,496 - ERROR - Error processing https://calendar.utdallas.edu/event/48527502735766/confirm: 404 Client Error: Not Found for url: https://calendar.utdallas.edu/event/48527502735766/confirm
2025-05-07 22:14:33,389 - ERROR - Error processing https://calendar.utdallas.edu/event/48976722542414/confirm: 404 Client Error: Not Found for url: https://calendar.utdallas.edu/event/48976722542414/confirm
2025-05-07 22:14:46,148 - ERROR - Error processing https://calendar.utdallas.edu/event/48976736089105/confirm: 404 Client Error: Not Found for url: https://calendar.utdallas.edu/event/48976736089105/confirm
2025-05-07 22:14:53,023 - ERROR - Error processing https://calendar.utdallas.edu/event/49038235375056/confirm: 404 Client Error: Not Found for url: https://calendar.utdallas.edu/event/49038235375056/confirm
2025-05-07 22:15:00,030 - ERROR - Error processing https://calendar.utdallas.edu/event/49313227008136/confirm: 404 Client Error: Not Found for url: https://calendar.utdallas.edu/event/49313227008136/confirm
2025-05-07 22:15:06,842 - ERROR - Error processing https://calendar.utdallas.edu/event/45587735328314/confirm: 404 Client Error: Not Found for url: https://calendar.utdallas.edu/event/45587735328314/confirm
2025-05-07 22:15:13,608 - ERROR - Error processing https://calendar.utdallas.edu/event/45587742660948/confirm: 404 Client Error: Not Found for url: https://calendar.utdallas.edu/event/45587742660948/confirm
2025-05-07 22:15:26,524 - ERROR - Error processing https://calendar.utdallas.edu/event/48976526197506/confirm: 404 Client Error: Not Found for url: https://calendar.utdallas.edu/event/48976526197506/confirm
2025-05-07 22:16:03,477 - ERROR - Error processing https://calendar.utdallas.edu/event/48976552764575/confirm: 404 Client Error: Not Found for url: https://calendar.utdallas.edu/event/48976552764575/confirm
2025-05-07 22:16:16,379 - ERROR - Error processing https://calendar.utdallas.edu/event/48976570262690/confirm: 404 Client Error: Not Found for url: https://calendar.utdallas.edu/event/48976570262690/confirm
2025-05-07 22:16:23,753 - ERROR - Error processing https://calendar.utdallas.edu/event/39581282702414/confirm: 404 Client Error: Not Found for url: https://calendar.utdallas.edu/event/39581282702414/confirm
2025-05-07 22:16:30,612 - ERROR - Error processing https://calendar.utdallas.edu/event/49481568398521/confirm: 404 Client Error: Not Found for url: https://calendar.utdallas.edu/event/49481568398521/confirm
2025-05-07 22:16:43,739 - ERROR - Error processing https://calendar.utdallas.edu/event/45588028432091/confirm: 404 Client Error: Not Found for url: https://calendar.utdallas.edu/event/45588028432091/confirm
2025-05-07 22:16:50,699 - ERROR - Error processing https://calendar.utdallas.edu/event/45588031305760/confirm: 404 Client Error: Not Found for url: https://calendar.utdallas.edu/event/45588031305760/confirm
2025-05-07 22:16:57,640 - ERROR - Error processing https://calendar.utdallas.edu/event/49489110343353/confirm: 404 Client Error: Not Found for url: https://calendar.utdallas.edu/event/49489110343353/confirm
2025-05-07 22:17:16,488 - ERROR - Error processing https://calendar.utdallas.edu/event/45587682072371/confirm: 404 Client Error: Not Found for url: https://calendar.utdallas.edu/event/45587682072371/confirm
2025-05-07 22:17:23,371 - ERROR - Error processing https://calendar.utdallas.edu/event/45588064315725/confirm: 404 Client Error: Not Found for url: https://calendar.utdallas.edu/event/45588064315725/confirm
2025-05-07 22:17:48,485 - ERROR - Error processing https://calendar.utdallas.edu/event/49276292489359/confirm: 404 Client Error: Not Found for url: https://calendar.utdallas.edu/event/49276292489359/confirm
2025-05-07 22:19:31,667 - ERROR - Error processing https://calendar.utdallas.edu/event/49276295498611/confirm: 404 Client Error: Not Found for url: https://calendar.utdallas.edu/event/49276295498611/confirm
2025-05-07 22:20:52,656 - ERROR - Error processing https://calendar.utdallas.edu/event/35415348403174/confirm: 404 Client Error: Not Found for url: https://calendar.utdallas.edu/event/35415348403174/confirm
2025-05-07 22:21:58,298 - ERROR - Error processing https://calendar.utdallas.edu/event/40749582593322/confirm: 404 Client Error: Not Found for url: https://calendar.utdallas.edu/event/40749582593322/confirm
2025-05-07 22:22:05,591 - ERROR - Error processing https://calendar.utdallas.edu/event/40749772954983/confirm: 404 Client Error: Not Found for url: https://calendar.utdallas.edu/event/40749772954983/confirm
2025-05-07 22:22:12,530 - ERROR - Error processing https://calendar.utdallas.edu/event/40749753485823/confirm: 404 Client Error: Not Found for url: https://calendar.utdallas.edu/event/40749753485823/confirm
2025-05-07 22:22:25,444 - ERROR - Error processing https://calendar.utdallas.edu/event/40750012432985/confirm: 404 Client Error: Not Found for url: https://calendar.utdallas.edu/event/40750012432985/confirm
2025-05-07 22:22:32,252 - ERROR - Error processing https://calendar.utdallas.edu/event/39501547724114/confirm: 404 Client Error: Not Found for url: https://calendar.utdallas.edu/event/39501547724114/confirm
2025-05-07 22:22:53,160 - ERROR - Error processing https://calendar.utdallas.edu/event/39210264300028/confirm: 404 Client Error: Not Found for url: https://calendar.utdallas.edu/event/39210264300028/confirm
2025-05-07 22:23:00,046 - ERROR - Error processing https://calendar.utdallas.edu/event/37776798458699/confirm: 404 Client Error: Not Found for url: https://calendar.utdallas.edu/event/37776798458699/confirm
2025-05-07 22:23:06,904 - ERROR - Error processing https://calendar.utdallas.edu/event/37776775597061/confirm: 404 Client Error: Not Found for url: https://calendar.utdallas.edu/event/37776775597061/confirm
2025-05-07 22:31:27,990 - ERROR - Error processing https://calendar.utdallas.edu/h1researcher98_446: 404 Client Error: Not Found for url: https://calendar.utdallas.edu/h1researcher98_446
2025-05-07 22:31:51,313 - ERROR - Error processing https://calendar.utdallas.edu/event/44525079019482/confirm: 404 Client Error: Not Found for url: https://calendar.utdallas.edu/event/44525079019482/confirm
2025-05-07 22:31:58,268 - ERROR - Error processing https://calendar.utdallas.edu/event/44525138314135/confirm: 404 Client Error: Not Found for url: https://calendar.utdallas.edu/event/44525138314135/confirm
2025-05-07 22:32:05,230 - ERROR - Error processing https://calendar.utdallas.edu/event/44519144262765/confirm: 404 Client Error: Not Found for url: https://calendar.utdallas.edu/event/44519144262765/confirm
2025-05-07 22:32:12,299 - ERROR - Error processing https://calendar.utdallas.edu/event/43208131259852/confirm: 404 Client Error: Not Found for url: https://calendar.utdallas.edu/event/43208131259852/confirm
2025-05-07 22:32:19,977 - ERROR - Error processing https://calendar.utdallas.edu/event/35838898102585/confirm: 404 Client Error: Not Found for url: https://calendar.utdallas.edu/event/35838898102585/confirm
2025-05-07 22:32:26,865 - ERROR - Error processing https://calendar.utdallas.edu/event/31590911097670/confirm: 404 Client Error: Not Found for url: https://calendar.utdallas.edu/event/31590911097670/confirm
2025-05-07 22:33:09,231 - ERROR - Error processing https://calendar.utdallas.edu/event/35926534723961/confirm: 404 Client Error: Not Found for url: https://calendar.utdallas.edu/event/35926534723961/confirm
2025-05-07 22:33:40,383 - ERROR - Error processing https://calendar.utdallas.edu/event/35926351058834/confirm: 404 Client Error: Not Found for url: https://calendar.utdallas.edu/event/35926351058834/confirm
2025-05-07 22:33:54,909 - ERROR - Error processing https://calendar.utdallas.edu/event/44582230032849/confirm: 404 Client Error: Not Found for url: https://calendar.utdallas.edu/event/44582230032849/confirm
2025-05-07 22:34:01,658 - ERROR - Error processing https://calendar.utdallas.edu/event/45766997294527/confirm: 404 Client Error: Not Found for url: https://calendar.utdallas.edu/event/45766997294527/confirm
2025-05-07 22:34:08,949 - ERROR - Error processing https://calendar.utdallas.edu/event/46021752237964/confirm: 404 Client Error: Not Found for url: https://calendar.utdallas.edu/event/46021752237964/confirm
2025-05-07 22:34:21,699 - ERROR - Error processing https://calendar.utdallas.edu/event/45724078203502/confirm: 404 Client Error: Not Found for url: https://calendar.utdallas.edu/event/45724078203502/confirm
2025-05-07 22:34:41,454 - ERROR - Error processing https://calendar.utdallas.edu/event/44580055849631/confirm: 404 Client Error: Not Found for url: https://calendar.utdallas.edu/event/44580055849631/confirm
2025-05-07 22:34:48,562 - ERROR - Error processing https://calendar.utdallas.edu/event/42234166528903/confirm: 404 Client Error: Not Found for url: https://calendar.utdallas.edu/event/42234166528903/confirm
2025-05-07 22:35:01,361 - ERROR - Error processing https://calendar.utdallas.edu/event/41128976106152/confirm: 404 Client Error: Not Found for url: https://calendar.utdallas.edu/event/41128976106152/confirm
2025-05-07 22:35:08,427 - ERROR - Error processing https://calendar.utdallas.edu/event/41217016468093/confirm: 404 Client Error: Not Found for url: https://calendar.utdallas.edu/event/41217016468093/confirm
2025-05-07 22:35:51,741 - ERROR - Error processing https://calendar.utdallas.edu/event/47128655562808/confirm: 404 Client Error: Not Found for url: https://calendar.utdallas.edu/event/47128655562808/confirm
2025-05-07 22:35:58,719 - ERROR - Error processing https://calendar.utdallas.edu/event/49267947829991/confirm: 404 Client Error: Not Found for url: https://calendar.utdallas.edu/event/49267947829991/confirm
2025-05-07 22:36:12,017 - ERROR - Error processing https://calendar.utdallas.edu/event/49267824030816/confirm: 404 Client Error: Not Found for url: https://calendar.utdallas.edu/event/49267824030816/confirm
2025-05-07 22:36:49,993 - ERROR - Error processing https://calendar.utdallas.edu/event/49401081341088/confirm: 404 Client Error: Not Found for url: https://calendar.utdallas.edu/event/49401081341088/confirm
2025-05-07 22:36:56,813 - ERROR - Error processing https://calendar.utdallas.edu/event/49117048009644/confirm: 404 Client Error: Not Found for url: https://calendar.utdallas.edu/event/49117048009644/confirm
2025-05-07 22:37:04,581 - ERROR - Error processing https://calendar.utdallas.edu/event/49401347345479/confirm: 404 Client Error: Not Found for url: https://calendar.utdallas.edu/event/49401347345479/confirm
2025-05-07 22:37:11,298 - ERROR - Error processing https://calendar.utdallas.edu/event/48904842089845/confirm: 404 Client Error: Not Found for url: https://calendar.utdallas.edu/event/48904842089845/confirm
2025-05-07 22:38:24,843 - ERROR - Error processing https://calendar.utdallas.edu/event/49535258564403/confirm: 404 Client Error: Not Found for url: https://calendar.utdallas.edu/event/49535258564403/confirm
2025-05-07 22:38:35,163 - ERROR - Error processing https://calendar.utdallas.edu/event/49028397000263/confirm: 404 Client Error: Not Found for url: https://calendar.utdallas.edu/event/49028397000263/confirm
2025-05-07 22:38:42,156 - ERROR - Error processing https://calendar.utdallas.edu/event/49391901141345/confirm: 404 Client Error: Not Found for url: https://calendar.utdallas.edu/event/49391901141345/confirm
2025-05-07 22:38:49,206 - ERROR - Error processing https://calendar.utdallas.edu/event/48685835339111/confirm: 404 Client Error: Not Found for url: https://calendar.utdallas.edu/event/48685835339111/confirm
2025-05-07 22:38:56,285 - ERROR - Error processing https://calendar.utdallas.edu/event/48216101706450/confirm: 404 Client Error: Not Found for url: https://calendar.utdallas.edu/event/48216101706450/confirm
2025-05-07 22:39:03,234 - ERROR - Error processing https://calendar.utdallas.edu/event/49028322876961/confirm: 404 Client Error: Not Found for url: https://calendar.utdallas.edu/event/49028322876961/confirm
2025-05-07 22:39:10,096 - ERROR - Error processing https://calendar.utdallas.edu/event/48790873701376/confirm: 404 Client Error: Not Found for url: https://calendar.utdallas.edu/event/48790873701376/confirm
2025-05-07 22:39:33,546 - ERROR - Error processing https://calendar.utdallas.edu/event/48976176718056/confirm: 404 Client Error: Not Found for url: https://calendar.utdallas.edu/event/48976176718056/confirm
2025-05-07 22:39:40,318 - ERROR - Error processing https://calendar.utdallas.edu/event/48976162333465/confirm: 404 Client Error: Not Found for url: https://calendar.utdallas.edu/event/48976162333465/confirm
2025-05-07 22:39:47,208 - ERROR - Error processing https://calendar.utdallas.edu/event/40430413608191/confirm: 404 Client Error: Not Found for url: https://calendar.utdallas.edu/event/40430413608191/confirm
2025-05-07 22:39:54,089 - ERROR - Error processing https://calendar.utdallas.edu/event/40430311026337/confirm: 404 Client Error: Not Found for url: https://calendar.utdallas.edu/event/40430311026337/confirm
2025-05-07 22:40:00,912 - ERROR - Error processing https://calendar.utdallas.edu/event/39325938797792/confirm: 404 Client Error: Not Found for url: https://calendar.utdallas.edu/event/39325938797792/confirm
2025-05-07 22:40:07,731 - ERROR - Error processing https://calendar.utdallas.edu/event/39325909526814/confirm: 404 Client Error: Not Found for url: https://calendar.utdallas.edu/event/39325909526814/confirm
2025-05-07 22:40:32,131 - ERROR - Error processing https://calendar.utdallas.edu/event/34431633726167/confirm: 404 Client Error: Not Found for url: https://calendar.utdallas.edu/event/34431633726167/confirm
2025-05-07 22:40:38,885 - ERROR - Error processing https://calendar.utdallas.edu/event/34431630073462/confirm: 404 Client Error: Not Found for url: https://calendar.utdallas.edu/event/34431630073462/confirm
2025-05-07 22:40:45,886 - ERROR - Error processing https://calendar.utdallas.edu/event/34431636244192/confirm: 404 Client Error: Not Found for url: https://calendar.utdallas.edu/event/34431636244192/confirm
2025-05-07 22:40:52,804 - ERROR - Error processing https://calendar.utdallas.edu/event/34431640242944/confirm: 404 Client Error: Not Found for url: https://calendar.utdallas.edu/event/34431640242944/confirm
2025-05-07 22:40:59,967 - ERROR - Error processing https://calendar.utdallas.edu/event/34431619050390/confirm: 404 Client Error: Not Found for url: https://calendar.utdallas.edu/event/34431619050390/confirm
2025-05-07 22:41:06,941 - ERROR - Error processing https://calendar.utdallas.edu/event/31593810725527/confirm: 404 Client Error: Not Found for url: https://calendar.utdallas.edu/event/31593810725527/confirm
2025-05-07 22:50:35,064 - ERROR - Error processing https://calendar.utdallas.edu/event/48967349928793/confirm: 404 Client Error: Not Found for url: https://calendar.utdallas.edu/event/48967349928793/confirm
2025-05-07 22:50:42,134 - ERROR - Error processing https://calendar.utdallas.edu/event/48961121312172/confirm: 404 Client Error: Not Found for url: https://calendar.utdallas.edu/event/48961121312172/confirm
2025-05-07 22:50:55,028 - ERROR - Error processing https://calendar.utdallas.edu/event/49349084300303/confirm: 404 Client Error: Not Found for url: https://calendar.utdallas.edu/event/49349084300303/confirm
2025-05-07 22:51:46,581 - ERROR - Error processing https://calendar.utdallas.edu/event/49232664751864/confirm: 404 Client Error: Not Found for url: https://calendar.utdallas.edu/event/49232664751864/confirm
2025-05-07 22:51:53,508 - ERROR - Error processing https://calendar.utdallas.edu/event/49348864716578/confirm: 404 Client Error: Not Found for url: https://calendar.utdallas.edu/event/49348864716578/confirm
2025-05-07 22:52:00,299 - ERROR - Error processing https://calendar.utdallas.edu/event/49394192946909/confirm: 404 Client Error: Not Found for url: https://calendar.utdallas.edu/event/49394192946909/confirm
2025-05-07 22:52:07,322 - ERROR - Error processing https://calendar.utdallas.edu/event/49055888891182/confirm: 404 Client Error: Not Found for url: https://calendar.utdallas.edu/event/49055888891182/confirm
2025-05-07 22:52:14,183 - ERROR - Error processing https://calendar.utdallas.edu/event/49055867267300/confirm: 404 Client Error: Not Found for url: https://calendar.utdallas.edu/event/49055867267300/confirm
2025-05-07 22:52:21,864 - ERROR - Error processing https://calendar.utdallas.edu/event/48658754257106/confirm: 404 Client Error: Not Found for url: https://calendar.utdallas.edu/event/48658754257106/confirm
2025-05-07 22:52:41,527 - ERROR - Error processing https://calendar.utdallas.edu/event/49455913641708/confirm: 404 Client Error: Not Found for url: https://calendar.utdallas.edu/event/49455913641708/confirm
2025-05-07 22:52:48,480 - ERROR - Error processing https://calendar.utdallas.edu/event/49048572071549/confirm: 404 Client Error: Not Found for url: https://calendar.utdallas.edu/event/49048572071549/confirm
2025-05-07 22:52:55,766 - ERROR - Error processing https://calendar.utdallas.edu/event/49039336346733/confirm: 404 Client Error: Not Found for url: https://calendar.utdallas.edu/event/49039336346733/confirm
2025-05-07 22:53:02,734 - ERROR - Error processing https://calendar.utdallas.edu/event/48958727965236/confirm: 404 Client Error: Not Found for url: https://calendar.utdallas.edu/event/48958727965236/confirm
2025-05-07 22:53:09,582 - ERROR - Error processing https://calendar.utdallas.edu/event/48783142474330/confirm: 404 Client Error: Not Found for url: https://calendar.utdallas.edu/event/48783142474330/confirm
2025-05-07 22:53:16,752 - ERROR - Error processing https://calendar.utdallas.edu/event/48783052087527/confirm: 404 Client Error: Not Found for url: https://calendar.utdallas.edu/event/48783052087527/confirm
2025-05-07 22:56:37,862 - ERROR - Error processing https://calendar.utdallas.edu/event/49303436096436/confirm: 404 Client Error: Not Found for url: https://calendar.utdallas.edu/event/49303436096436/confirm
2025-05-07 22:56:50,769 - ERROR - Error processing https://calendar.utdallas.edu/event/47799783816576/confirm: 404 Client Error: Not Found for url: https://calendar.utdallas.edu/event/47799783816576/confirm
2025-05-07 22:57:27,540 - ERROR - Error processing https://calendar.utdallas.edu/event/48773936008726/confirm: 404 Client Error: Not Found for url: https://calendar.utdallas.edu/event/48773936008726/confirm
2025-05-07 22:57:37,157 - ERROR - Error processing https://calendar.utdallas.edu/event/49391217955499/confirm: 404 Client Error: Not Found for url: https://calendar.utdallas.edu/event/49391217955499/confirm
2025-05-07 22:57:49,958 - ERROR - Error processing https://calendar.utdallas.edu/event/49277037678406/confirm: 404 Client Error: Not Found for url: https://calendar.utdallas.edu/event/49277037678406/confirm
2025-05-07 22:57:56,921 - ERROR - Error processing https://calendar.utdallas.edu/event/49331740008419/confirm: 404 Client Error: Not Found for url: https://calendar.utdallas.edu/event/49331740008419/confirm
2025-05-07 22:58:06,464 - ERROR - Error processing https://calendar.utdallas.edu/event/48738216009881/confirm: 404 Client Error: Not Found for url: https://calendar.utdallas.edu/event/48738216009881/confirm
2025-05-07 22:59:01,408 - ERROR - Error processing https://calendar.utdallas.edu/event/48552156388335/confirm: 404 Client Error: Not Found for url: https://calendar.utdallas.edu/event/48552156388335/confirm
2025-05-07 23:00:23,252 - ERROR - Error processing https://calendar.utdallas.edu/event/49491608238355/confirm: 404 Client Error: Not Found for url: https://calendar.utdallas.edu/event/49491608238355/confirm
2025-05-07 23:01:25,897 - ERROR - Error processing https://calendar.utdallas.edu/event/49419235892809/confirm: 404 Client Error: Not Found for url: https://calendar.utdallas.edu/event/49419235892809/confirm
2025-05-07 23:01:34,120 - ERROR - Error processing https://calendar.utdallas.edu/event/49084559353059/confirm: 404 Client Error: Not Found for url: https://calendar.utdallas.edu/event/49084559353059/confirm
2025-05-07 23:02:16,510 - ERROR - Error processing https://calendar.utdallas.edu/event/48313019426274/confirm: 404 Client Error: Not Found for url: https://calendar.utdallas.edu/event/48313019426274/confirm
2025-05-07 23:02:23,584 - ERROR - Error processing https://calendar.utdallas.edu/event/49418259024791/confirm: 404 Client Error: Not Found for url: https://calendar.utdallas.edu/event/49418259024791/confirm
2025-05-07 23:02:30,553 - ERROR - Error processing https://calendar.utdallas.edu/event/49578890369704/confirm: 404 Client Error: Not Found for url: https://calendar.utdallas.edu/event/49578890369704/confirm
2025-05-07 23:02:49,480 - ERROR - Error processing https://calendar.utdallas.edu/event/49216795487242/confirm: 404 Client Error: Not Found for url: https://calendar.utdallas.edu/event/49216795487242/confirm
2025-05-07 23:05:16,029 - ERROR - Error processing https://calendar.utdallas.edu/event/48597458041648/confirm: 404 Client Error: Not Found for url: https://calendar.utdallas.edu/event/48597458041648/confirm
2025-05-07 23:05:29,046 - ERROR - Error processing https://calendar.utdallas.edu/event/48745965022950/confirm: 404 Client Error: Not Found for url: https://calendar.utdallas.edu/event/48745965022950/confirm
2025-05-07 23:06:26,776 - ERROR - Error processing https://calendar.utdallas.edu/event/49238311438022/confirm: 404 Client Error: Not Found for url: https://calendar.utdallas.edu/event/49238311438022/confirm
2025-05-07 23:06:57,402 - ERROR - Error processing https://calendar.utdallas.edu/event/48710272501273/confirm: 404 Client Error: Not Found for url: https://calendar.utdallas.edu/event/48710272501273/confirm
2025-05-07 23:07:07,545 - ERROR - Error processing https://calendar.utdallas.edu/event/48995843960281/confirm: 404 Client Error: Not Found for url: https://calendar.utdallas.edu/event/48995843960281/confirm
2025-05-07 23:07:20,449 - ERROR - Error processing https://calendar.utdallas.edu/event/49020742097582/confirm: 404 Client Error: Not Found for url: https://calendar.utdallas.edu/event/49020742097582/confirm
2025-05-07 23:07:34,106 - ERROR - Error processing https://calendar.utdallas.edu/event/48800489243249/confirm: 404 Client Error: Not Found for url: https://calendar.utdallas.edu/event/48800489243249/confirm
2025-05-07 23:07:41,030 - ERROR - Error processing https://calendar.utdallas.edu/event/48916109705615/confirm: 404 Client Error: Not Found for url: https://calendar.utdallas.edu/event/48916109705615/confirm
2025-05-07 23:08:11,430 - ERROR - Error processing https://calendar.utdallas.edu/event/49169899614035/confirm: 404 Client Error: Not Found for url: https://calendar.utdallas.edu/event/49169899614035/confirm
2025-05-07 23:08:24,837 - ERROR - Error processing https://calendar.utdallas.edu/event/47907274258376/confirm: 404 Client Error: Not Found for url: https://calendar.utdallas.edu/event/47907274258376/confirm
2025-05-07 23:08:31,812 - ERROR - Error processing https://calendar.utdallas.edu/event/47905381024982/confirm: 404 Client Error: Not Found for url: https://calendar.utdallas.edu/event/47905381024982/confirm
2025-05-07 23:08:38,578 - ERROR - Error processing https://calendar.utdallas.edu/event/47595185502498/confirm: 404 Client Error: Not Found for url: https://calendar.utdallas.edu/event/47595185502498/confirm
2025-05-07 23:08:46,145 - ERROR - Error processing https://calendar.utdallas.edu/event/46730117245460/confirm: 404 Client Error: Not Found for url: https://calendar.utdallas.edu/event/46730117245460/confirm
2025-05-07 23:08:52,922 - ERROR - Error processing webcal://calendar.utdallas.edu/department/comet_cupboard/calendar/ics: No connection adapters were found for 'webcal://calendar.utdallas.edu/department/comet_cupboard/calendar/ics'
2025-05-07 23:17:59,853 - ERROR - Error processing https://calendar.utdallas.edu/event/49276242391222/confirm: 404 Client Error: Not Found for url: https://calendar.utdallas.edu/event/49276242391222/confirm
2025-05-07 23:19:33,446 - ERROR - Error processing webcal://calendar.utdallas.edu/department/development/calendar/ics: No connection adapters were found for 'webcal://calendar.utdallas.edu/department/development/calendar/ics'
2025-05-07 23:22:12,252 - ERROR - Error processing webcal://calendar.utdallas.edu/department/registrar/calendar/ics: No connection adapters were found for 'webcal://calendar.utdallas.edu/department/registrar/calendar/ics'
2025-05-07 23:24:31,409 - ERROR - Error processing webcal://calendar.utdallas.edu/department/intercultural_programs/calendar/ics: No connection adapters were found for 'webcal://calendar.utdallas.edu/department/intercultural_programs/calendar/ics'
2025-05-07 23:24:43,022 - ERROR - Error processing https://calendar.utdallas.edu/event/48668573213220/confirm: 404 Client Error: Not Found for url: https://calendar.utdallas.edu/event/48668573213220/confirm
2025-05-07 23:24:50,053 - ERROR - Error processing https://calendar.utdallas.edu/event/49391914005857/confirm: 404 Client Error: Not Found for url: https://calendar.utdallas.edu/event/49391914005857/confirm
2025-05-07 23:24:56,896 - ERROR - Error processing https://calendar.utdallas.edu/event/49278734494893/confirm: 404 Client Error: Not Found for url: https://calendar.utdallas.edu/event/49278734494893/confirm
2025-05-07 23:25:03,876 - ERROR - Error processing https://calendar.utdallas.edu/event/49241297130039/confirm: 404 Client Error: Not Found for url: https://calendar.utdallas.edu/event/49241297130039/confirm
2025-05-07 23:25:10,842 - ERROR - Error processing https://calendar.utdallas.edu/event/48676642069446/confirm: 404 Client Error: Not Found for url: https://calendar.utdallas.edu/event/48676642069446/confirm
2025-05-07 23:25:17,757 - ERROR - Error processing https://calendar.utdallas.edu/event/48710224301197/confirm: 404 Client Error: Not Found for url: https://calendar.utdallas.edu/event/48710224301197/confirm
2025-05-07 23:25:24,528 - ERROR - Error processing https://calendar.utdallas.edu/event/48710483768576/confirm: 404 Client Error: Not Found for url: https://calendar.utdallas.edu/event/48710483768576/confirm
2025-05-07 23:25:31,530 - ERROR - Error processing https://calendar.utdallas.edu/event/48789711706404/confirm: 404 Client Error: Not Found for url: https://calendar.utdallas.edu/event/48789711706404/confirm
2025-05-07 23:25:38,572 - ERROR - Error processing https://calendar.utdallas.edu/event/48710506121519/confirm: 404 Client Error: Not Found for url: https://calendar.utdallas.edu/event/48710506121519/confirm
2025-05-07 23:25:45,963 - ERROR - Error processing https://calendar.utdallas.edu/event/48710258631921/confirm: 404 Client Error: Not Found for url: https://calendar.utdallas.edu/event/48710258631921/confirm
2025-05-07 23:27:02,453 - ERROR - Error processing webcal://calendar.utdallas.edu/ackerman_center_jo_4800_733/calendar/ics: No connection adapters were found for 'webcal://calendar.utdallas.edu/ackerman_center_jo_4800_733/calendar/ics'
2025-05-07 23:28:13,330 - ERROR - Error processing webcal://calendar.utdallas.edu/ab/calendar/ics: No connection adapters were found for 'webcal://calendar.utdallas.edu/ab/calendar/ics'
2025-05-07 23:29:07,900 - ERROR - Error processing https://calendar.utdallas.edu/event/48710514150526/confirm: 404 Client Error: Not Found for url: https://calendar.utdallas.edu/event/48710514150526/confirm
2025-05-07 23:30:43,542 - ERROR - Error processing webcal://calendar.utdallas.edu/ad/calendar/ics: No connection adapters were found for 'webcal://calendar.utdallas.edu/ad/calendar/ics'
2025-05-07 23:31:49,297 - ERROR - Error processing webcal://calendar.utdallas.edu/aht_gallery_atc_3102_620/calendar/ics: No connection adapters were found for 'webcal://calendar.utdallas.edu/aht_gallery_atc_3102_620/calendar/ics'
2025-05-07 23:32:40,350 - ERROR - Error processing webcal://calendar.utdallas.edu/ah1/calendar/ics: No connection adapters were found for 'webcal://calendar.utdallas.edu/ah1/calendar/ics'
2025-05-07 23:32:46,524 - ERROR - Error processing webcal://calendar.utdallas.edu/ah2/calendar/ics: No connection adapters were found for 'webcal://calendar.utdallas.edu/ah2/calendar/ics'
2025-05-07 23:33:09,113 - ERROR - Error processing webcal://calendar.utdallas.edu/atc_lecture_hall/calendar/ics: No connection adapters were found for 'webcal://calendar.utdallas.edu/atc_lecture_hall/calendar/ics'
2025-05-07 23:33:27,091 - ERROR - Error processing https://calendar.utdallas.edu/event/african-vibration-music-festival-dj-stage: 404 Client Error: Not Found for url: https://calendar.utdallas.edu/event/african-vibration-music-festival-dj-stage
2025-05-07 23:34:25,858 - ERROR - Error processing webcal://calendar.utdallas.edu/bsb/calendar/ics: No connection adapters were found for 'webcal://calendar.utdallas.edu/bsb/calendar/ics'
2025-05-07 23:35:08,271 - ERROR - Error processing webcal://calendar.utdallas.edu/brain_performance_institute_448/calendar/ics: No connection adapters were found for 'webcal://calendar.utdallas.edu/brain_performance_institute_448/calendar/ics'
2025-05-07 23:36:08,642 - ERROR - Error processing https://calendar.utdallas.edu/event/48242982500434/confirm: 404 Client Error: Not Found for url: https://calendar.utdallas.edu/event/48242982500434/confirm
2025-05-07 23:36:15,633 - ERROR - Error processing https://calendar.utdallas.edu/event/48242813445447/confirm: 404 Client Error: Not Found for url: https://calendar.utdallas.edu/event/48242813445447/confirm
2025-05-07 23:36:22,595 - ERROR - Error processing https://calendar.utdallas.edu/event/48233545854846/confirm: 404 Client Error: Not Found for url: https://calendar.utdallas.edu/event/48233545854846/confirm
2025-05-07 23:36:29,463 - ERROR - Error processing https://calendar.utdallas.edu/event/47541486487026/confirm: 404 Client Error: Not Found for url: https://calendar.utdallas.edu/event/47541486487026/confirm
2025-05-07 23:36:36,434 - ERROR - Error processing https://calendar.utdallas.edu/event/47729458216303/confirm: 404 Client Error: Not Found for url: https://calendar.utdallas.edu/event/47729458216303/confirm
2025-05-07 23:36:43,384 - ERROR - Error processing https://calendar.utdallas.edu/event/47541451027867/confirm: 404 Client Error: Not Found for url: https://calendar.utdallas.edu/event/47541451027867/confirm
2025-05-07 23:37:36,528 - ERROR - Error processing https://calendar.utdallas.edu/event/48960613181908/confirm: 404 Client Error: Not Found for url: https://calendar.utdallas.edu/event/48960613181908/confirm
2025-05-07 23:37:46,052 - ERROR - Error processing https://calendar.utdallas.edu/event/49409597791381/confirm: 404 Client Error: Not Found for url: https://calendar.utdallas.edu/event/49409597791381/confirm
2025-05-07 23:37:52,814 - ERROR - Error processing https://calendar.utdallas.edu/event/49355376615693/confirm: 404 Client Error: Not Found for url: https://calendar.utdallas.edu/event/49355376615693/confirm
2025-05-07 23:37:59,578 - ERROR - Error processing https://calendar.utdallas.edu/event/49267908814547/confirm: 404 Client Error: Not Found for url: https://calendar.utdallas.edu/event/49267908814547/confirm
2025-05-07 23:38:06,429 - ERROR - Error processing https://calendar.utdallas.edu/event/49152358629483/confirm: 404 Client Error: Not Found for url: https://calendar.utdallas.edu/event/49152358629483/confirm
2025-05-07 23:38:13,176 - ERROR - Error processing https://calendar.utdallas.edu/event/48747209067183/confirm: 404 Client Error: Not Found for url: https://calendar.utdallas.edu/event/48747209067183/confirm
2025-05-07 23:38:20,152 - ERROR - Error processing https://calendar.utdallas.edu/event/48747264950316/confirm: 404 Client Error: Not Found for url: https://calendar.utdallas.edu/event/48747264950316/confirm
2025-05-07 23:39:05,721 - ERROR - Error processing https://calendar.utdallas.edu/event/49028277228231/confirm: 404 Client Error: Not Found for url: https://calendar.utdallas.edu/event/49028277228231/confirm
2025-05-07 23:39:12,787 - ERROR - Error processing https://calendar.utdallas.edu/event/49028080444872/confirm: 404 Client Error: Not Found for url: https://calendar.utdallas.edu/event/49028080444872/confirm
2025-05-07 23:39:19,956 - ERROR - Error processing https://calendar.utdallas.edu/event/49028234387071/confirm: 404 Client Error: Not Found for url: https://calendar.utdallas.edu/event/49028234387071/confirm
2025-05-07 23:39:27,739 - ERROR - Error processing https://calendar.utdallas.edu/event/48852948599319/confirm: 404 Client Error: Not Found for url: https://calendar.utdallas.edu/event/48852948599319/confirm
2025-05-07 23:40:31,245 - ERROR - Error processing https://calendar.utdallas.edu/event/48216017228197/confirm: 404 Client Error: Not Found for url: https://calendar.utdallas.edu/event/48216017228197/confirm
2025-05-07 23:40:38,190 - ERROR - Error processing https://calendar.utdallas.edu/event/48216004390825/confirm: 404 Client Error: Not Found for url: https://calendar.utdallas.edu/event/48216004390825/confirm
2025-05-07 23:40:45,255 - ERROR - Error processing https://calendar.utdallas.edu/event/48215991340256/confirm: 404 Client Error: Not Found for url: https://calendar.utdallas.edu/event/48215991340256/confirm
2025-05-07 23:40:52,220 - ERROR - Error processing https://calendar.utdallas.edu/event/48224538505606/confirm: 404 Client Error: Not Found for url: https://calendar.utdallas.edu/event/48224538505606/confirm
2025-05-07 23:40:59,276 - ERROR - Error processing https://calendar.utdallas.edu/event/48215976188087/confirm: 404 Client Error: Not Found for url: https://calendar.utdallas.edu/event/48215976188087/confirm
2025-05-07 23:41:47,937 - ERROR - Error processing https://calendar.utdallas.edu/event/49083846529856/confirm: 404 Client Error: Not Found for url: https://calendar.utdallas.edu/event/49083846529856/confirm
2025-05-07 23:41:54,879 - ERROR - Error processing https://calendar.utdallas.edu/event/49083836367705/confirm: 404 Client Error: Not Found for url: https://calendar.utdallas.edu/event/49083836367705/confirm
2025-05-07 23:42:01,810 - ERROR - Error processing https://calendar.utdallas.edu/event/49099040823668/confirm: 404 Client Error: Not Found for url: https://calendar.utdallas.edu/event/49099040823668/confirm
2025-05-07 23:42:08,916 - ERROR - Error processing https://calendar.utdallas.edu/event/48976263529093/confirm: 404 Client Error: Not Found for url: https://calendar.utdallas.edu/event/48976263529093/confirm
2025-05-07 23:42:17,210 - ERROR - Error processing https://calendar.utdallas.edu/event/47312888590073/confirm: 404 Client Error: Not Found for url: https://calendar.utdallas.edu/event/47312888590073/confirm
2025-05-07 23:42:34,141 - ERROR - Error processing https://calendar.utdallas.edu/event/49480364830338/confirm: 404 Client Error: Not Found for url: https://calendar.utdallas.edu/event/49480364830338/confirm
2025-05-07 23:42:41,175 - ERROR - Error processing https://calendar.utdallas.edu/event/39668338392487/confirm: 404 Client Error: Not Found for url: https://calendar.utdallas.edu/event/39668338392487/confirm
2025-05-07 23:43:47,838 - ERROR - Error processing https://calendar.utdallas.edu/event/49205807163745/confirm: 404 Client Error: Not Found for url: https://calendar.utdallas.edu/event/49205807163745/confirm
2025-05-07 23:43:55,314 - ERROR - Error processing https://calendar.utdallas.edu/event/48677705467632/confirm: 404 Client Error: Not Found for url: https://calendar.utdallas.edu/event/48677705467632/confirm
2025-05-07 23:44:02,200 - ERROR - Error processing https://calendar.utdallas.edu/event/48747680357926/confirm: 404 Client Error: Not Found for url: https://calendar.utdallas.edu/event/48747680357926/confirm
2025-05-07 23:44:43,545 - ERROR - Error processing https://calendar.utdallas.edu/event/49083378633245/confirm: 404 Client Error: Not Found for url: https://calendar.utdallas.edu/event/49083378633245/confirm
2025-05-07 23:44:50,624 - ERROR - Error processing https://calendar.utdallas.edu/event/49304182942925/confirm: 404 Client Error: Not Found for url: https://calendar.utdallas.edu/event/49304182942925/confirm
2025-05-07 23:44:59,109 - ERROR - Error processing https://calendar.utdallas.edu/event/49215763636426/confirm: 404 Client Error: Not Found for url: https://calendar.utdallas.edu/event/49215763636426/confirm
2025-05-07 23:45:06,071 - ERROR - Error processing https://calendar.utdallas.edu/event/49020603198756/confirm: 404 Client Error: Not Found for url: https://calendar.utdallas.edu/event/49020603198756/confirm
2025-05-07 23:45:13,153 - ERROR - Error processing https://calendar.utdallas.edu/event/49233749955327/confirm: 404 Client Error: Not Found for url: https://calendar.utdallas.edu/event/49233749955327/confirm
2025-05-07 23:45:20,017 - ERROR - Error processing https://calendar.utdallas.edu/event/48960002951806/confirm: 404 Client Error: Not Found for url: https://calendar.utdallas.edu/event/48960002951806/confirm
2025-05-07 23:45:34,128 - ERROR - Error processing https://calendar.utdallas.edu/event/49356195791265/confirm: 404 Client Error: Not Found for url: https://calendar.utdallas.edu/event/49356195791265/confirm
2025-05-07 23:45:41,106 - ERROR - Error processing https://calendar.utdallas.edu/event/49110674147542/confirm: 404 Client Error: Not Found for url: https://calendar.utdallas.edu/event/49110674147542/confirm
2025-05-07 23:45:48,160 - ERROR - Error processing https://calendar.utdallas.edu/event/48898987889245/confirm: 404 Client Error: Not Found for url: https://calendar.utdallas.edu/event/48898987889245/confirm
2025-05-07 23:45:55,069 - ERROR - Error processing https://calendar.utdallas.edu/event/49021776480724/confirm: 404 Client Error: Not Found for url: https://calendar.utdallas.edu/event/49021776480724/confirm
2025-05-07 23:46:01,950 - ERROR - Error processing https://calendar.utdallas.edu/event/48869483804134/confirm: 404 Client Error: Not Found for url: https://calendar.utdallas.edu/event/48869483804134/confirm
2025-05-07 23:46:08,653 - ERROR - Error processing https://calendar.utdallas.edu/event/48674687496060/confirm: 404 Client Error: Not Found for url: https://calendar.utdallas.edu/event/48674687496060/confirm
2025-05-07 23:47:37,013 - ERROR - Error processing https://calendar.utdallas.edu/event/48851807844010/confirm: 404 Client Error: Not Found for url: https://calendar.utdallas.edu/event/48851807844010/confirm
2025-05-07 23:47:43,979 - ERROR - Error processing https://calendar.utdallas.edu/event/46515735044097/confirm: 404 Client Error: Not Found for url: https://calendar.utdallas.edu/event/46515735044097/confirm
2025-05-07 23:47:50,939 - ERROR - Error processing https://calendar.utdallas.edu/event/49305075856123/confirm: 404 Client Error: Not Found for url: https://calendar.utdallas.edu/event/49305075856123/confirm
2025-05-07 23:49:04,283 - ERROR - Error processing https://calendar.utdallas.edu/event/49170900760075/confirm: 404 Client Error: Not Found for url: https://calendar.utdallas.edu/event/49170900760075/confirm
2025-05-07 23:49:46,736 - ERROR - Error processing https://calendar.utdallas.edu/event/49525974664812/confirm: 404 Client Error: Not Found for url: https://calendar.utdallas.edu/event/49525974664812/confirm
2025-05-07 23:49:53,821 - ERROR - Error processing https://calendar.utdallas.edu/event/48339038598837/confirm: 404 Client Error: Not Found for url: https://calendar.utdallas.edu/event/48339038598837/confirm
2025-05-07 23:50:07,235 - ERROR - Error processing https://calendar.utdallas.edu/event/49287585149173/confirm: 404 Client Error: Not Found for url: https://calendar.utdallas.edu/event/49287585149173/confirm
2025-05-07 23:50:14,054 - ERROR - Error processing https://calendar.utdallas.edu/event/49242137807397/confirm: 404 Client Error: Not Found for url: https://calendar.utdallas.edu/event/49242137807397/confirm
2025-05-07 23:50:34,023 - ERROR - Error processing https://calendar.utdallas.edu/event/49278216655080/confirm: 404 Client Error: Not Found for url: https://calendar.utdallas.edu/event/49278216655080/confirm
2025-05-07 23:50:41,135 - ERROR - Error processing https://calendar.utdallas.edu/event/46817738078405/confirm: 404 Client Error: Not Found for url: https://calendar.utdallas.edu/event/46817738078405/confirm
2025-05-07 23:50:48,505 - ERROR - Error processing https://calendar.utdallas.edu/event/48665985280629/confirm: 404 Client Error: Not Found for url: https://calendar.utdallas.edu/event/48665985280629/confirm
2025-05-07 23:51:04,991 - ERROR - Error processing https://calendar.utdallas.edu/event/47879729330571/confirm: 404 Client Error: Not Found for url: https://calendar.utdallas.edu/event/47879729330571/confirm
2025-05-07 23:51:32,333 - ERROR - Error processing https://calendar.utdallas.edu/event/49287023140039/confirm: 404 Client Error: Not Found for url: https://calendar.utdallas.edu/event/49287023140039/confirm
2025-05-07 23:51:39,397 - ERROR - Error processing https://calendar.utdallas.edu/event/48623785168559/confirm: 404 Client Error: Not Found for url: https://calendar.utdallas.edu/event/48623785168559/confirm
2025-05-07 23:51:52,385 - ERROR - Error processing https://calendar.utdallas.edu/event/48792429192250/confirm: 404 Client Error: Not Found for url: https://calendar.utdallas.edu/event/48792429192250/confirm
2025-05-07 23:51:59,672 - ERROR - Error processing https://calendar.utdallas.edu/event/46703386965268/confirm: 404 Client Error: Not Found for url: https://calendar.utdallas.edu/event/46703386965268/confirm
2025-05-07 23:52:13,952 - ERROR - Error processing https://calendar.utdallas.edu/event/48792704284638/confirm: 404 Client Error: Not Found for url: https://calendar.utdallas.edu/event/48792704284638/confirm
2025-05-07 23:52:21,074 - ERROR - Error processing https://calendar.utdallas.edu/event/48792285724558/confirm: 404 Client Error: Not Found for url: https://calendar.utdallas.edu/event/48792285724558/confirm
2025-05-07 23:52:28,551 - ERROR - Error processing https://calendar.utdallas.edu/event/47120126468204/confirm: 404 Client Error: Not Found for url: https://calendar.utdallas.edu/event/47120126468204/confirm
2025-05-07 23:52:36,334 - ERROR - Error processing https://calendar.utdallas.edu/event/47119907150036/confirm: 404 Client Error: Not Found for url: https://calendar.utdallas.edu/event/47119907150036/confirm
2025-05-07 23:54:02,657 - ERROR - Error processing https://calendar.utdallas.edu/event/48676660966316/confirm: 404 Client Error: Not Found for url: https://calendar.utdallas.edu/event/48676660966316/confirm
2025-05-07 23:54:09,808 - ERROR - Error processing https://calendar.utdallas.edu/event/48676673586333/confirm: 404 Client Error: Not Found for url: https://calendar.utdallas.edu/event/48676673586333/confirm
2025-05-07 23:54:19,656 - ERROR - Error processing https://calendar.utdallas.edu/event/49462135716511/confirm: 404 Client Error: Not Found for url: https://calendar.utdallas.edu/event/49462135716511/confirm
2025-05-07 23:54:26,824 - ERROR - Error processing https://calendar.utdallas.edu/event/48852099236566/confirm: 404 Client Error: Not Found for url: https://calendar.utdallas.edu/event/48852099236566/confirm
2025-05-07 23:54:33,646 - ERROR - Error processing https://calendar.utdallas.edu/event/49163268212777/confirm: 404 Client Error: Not Found for url: https://calendar.utdallas.edu/event/49163268212777/confirm
2025-05-07 23:54:46,178 - ERROR - Error processing https://calendar.utdallas.edu/event/48459877655362/confirm: 404 Client Error: Not Found for url: https://calendar.utdallas.edu/event/48459877655362/confirm
2025-05-07 23:54:53,344 - ERROR - Error processing https://calendar.utdallas.edu/event/47907153855055/confirm: 404 Client Error: Not Found for url: https://calendar.utdallas.edu/event/47907153855055/confirm
2025-05-07 23:55:10,956 - ERROR - Error processing https://calendar.utdallas.edu/event/48552135132834/confirm: 404 Client Error: Not Found for url: https://calendar.utdallas.edu/event/48552135132834/confirm
2025-05-07 23:55:18,024 - ERROR - Error processing https://calendar.utdallas.edu/event/48676832068579/confirm: 404 Client Error: Not Found for url: https://calendar.utdallas.edu/event/48676832068579/confirm
2025-05-07 23:55:24,852 - ERROR - Error processing https://calendar.utdallas.edu/event/48552098174953/confirm: 404 Client Error: Not Found for url: https://calendar.utdallas.edu/event/48552098174953/confirm
2025-05-07 23:55:31,748 - ERROR - Error processing https://calendar.utdallas.edu/event/47944297716294/confirm: 404 Client Error: Not Found for url: https://calendar.utdallas.edu/event/47944297716294/confirm
2025-05-07 23:56:04,515 - ERROR - Error processing https://calendar.utdallas.edu/event/49392706950850/confirm: 404 Client Error: Not Found for url: https://calendar.utdallas.edu/event/49392706950850/confirm
2025-05-07 23:56:11,481 - ERROR - Error processing https://calendar.utdallas.edu/event/49338437890569/confirm: 404 Client Error: Not Found for url: https://calendar.utdallas.edu/event/49338437890569/confirm
2025-05-07 23:56:18,325 - ERROR - Error processing https://calendar.utdallas.edu/event/49338433234213/confirm: 404 Client Error: Not Found for url: https://calendar.utdallas.edu/event/49338433234213/confirm
2025-05-07 23:56:25,304 - ERROR - Error processing https://calendar.utdallas.edu/event/49338422695028/confirm: 404 Client Error: Not Found for url: https://calendar.utdallas.edu/event/49338422695028/confirm
2025-05-07 23:56:32,872 - ERROR - Error processing https://calendar.utdallas.edu/event/47099809468795/confirm: 404 Client Error: Not Found for url: https://calendar.utdallas.edu/event/47099809468795/confirm
2025-05-07 23:57:31,967 - ERROR - Error processing https://calendar.utdallas.edu/event/48588632261887/confirm: 404 Client Error: Not Found for url: https://calendar.utdallas.edu/event/48588632261887/confirm
2025-05-07 23:57:38,703 - ERROR - Error processing https://calendar.utdallas.edu/event/48588540982227/confirm: 404 Client Error: Not Found for url: https://calendar.utdallas.edu/event/48588540982227/confirm
2025-05-07 23:57:45,490 - ERROR - Error processing https://calendar.utdallas.edu/event/49453943297898/confirm: 404 Client Error: Not Found for url: https://calendar.utdallas.edu/event/49453943297898/confirm
2025-05-07 23:57:52,448 - ERROR - Error processing https://calendar.utdallas.edu/event/49241091087668/confirm: 404 Client Error: Not Found for url: https://calendar.utdallas.edu/event/49241091087668/confirm
2025-05-07 23:57:59,434 - ERROR - Error processing https://calendar.utdallas.edu/event/48588297281912/confirm: 404 Client Error: Not Found for url: https://calendar.utdallas.edu/event/48588297281912/confirm
2025-05-07 23:58:06,272 - ERROR - Error processing https://calendar.utdallas.edu/event/48676196940484/confirm: 404 Client Error: Not Found for url: https://calendar.utdallas.edu/event/48676196940484/confirm
2025-05-07 23:58:23,270 - ERROR - Error processing https://calendar.utdallas.edu/event/49525997129070/confirm: 404 Client Error: Not Found for url: https://calendar.utdallas.edu/event/49525997129070/confirm
2025-05-07 23:58:30,234 - ERROR - Error processing https://calendar.utdallas.edu/event/48792514210363/confirm: 404 Client Error: Not Found for url: https://calendar.utdallas.edu/event/48792514210363/confirm
2025-05-07 23:58:37,163 - ERROR - Error processing https://calendar.utdallas.edu/event/48792550532320/confirm: 404 Client Error: Not Found for url: https://calendar.utdallas.edu/event/48792550532320/confirm
2025-05-07 23:58:43,998 - ERROR - Error processing https://calendar.utdallas.edu/event/48792387295048/confirm: 404 Client Error: Not Found for url: https://calendar.utdallas.edu/event/48792387295048/confirm
2025-05-07 23:58:50,927 - ERROR - Error processing https://calendar.utdallas.edu/event/47852786806756/confirm: 404 Client Error: Not Found for url: https://calendar.utdallas.edu/event/47852786806756/confirm
2025-05-07 23:58:57,883 - ERROR - Error processing https://calendar.utdallas.edu/event/47737006703095/confirm: 404 Client Error: Not Found for url: https://calendar.utdallas.edu/event/47737006703095/confirm
2025-05-07 23:59:38,229 - ERROR - Error processing https://calendar.utdallas.edu/event/49110373238340/confirm: 404 Client Error: Not Found for url: https://calendar.utdallas.edu/event/49110373238340/confirm
2025-05-07 23:59:45,255 - ERROR - Error processing https://calendar.utdallas.edu/event/49092558691298/confirm: 404 Client Error: Not Found for url: https://calendar.utdallas.edu/event/49092558691298/confirm
2025-05-07 23:59:52,191 - ERROR - Error processing https://calendar.utdallas.edu/event/49091316565890/confirm: 404 Client Error: Not Found for url: https://calendar.utdallas.edu/event/49091316565890/confirm
2025-05-07 23:59:59,901 - ERROR - Error processing https://calendar.utdallas.edu/event/48668556334402/confirm: 404 Client Error: Not Found for url: https://calendar.utdallas.edu/event/48668556334402/confirm
2025-05-08 00:00:12,754 - ERROR - Error processing https://calendar.utdallas.edu/event/48801575182134/confirm: 404 Client Error: Not Found for url: https://calendar.utdallas.edu/event/48801575182134/confirm
2025-05-08 00:01:27,797 - ERROR - Error processing https://calendar.utdallas.edu/event/48710234231532/confirm: 404 Client Error: Not Found for url: https://calendar.utdallas.edu/event/48710234231532/confirm
2025-05-08 00:01:37,722 - ERROR - Error processing https://calendar.utdallas.edu/event/48730944057174/confirm: 404 Client Error: Not Found for url: https://calendar.utdallas.edu/event/48730944057174/confirm
2025-05-08 00:01:45,105 - ERROR - Error processing https://calendar.utdallas.edu/event/49393047318304/confirm: 404 Client Error: Not Found for url: https://calendar.utdallas.edu/event/49393047318304/confirm
2025-05-08 00:01:52,135 - ERROR - Error processing https://calendar.utdallas.edu/event/48658884005585/confirm: 404 Client Error: Not Found for url: https://calendar.utdallas.edu/event/48658884005585/confirm
2025-05-08 00:01:59,296 - ERROR - Error processing https://calendar.utdallas.edu/event/48595453203536/confirm: 404 Client Error: Not Found for url: https://calendar.utdallas.edu/event/48595453203536/confirm
2025-05-08 00:02:06,405 - ERROR - Error processing https://calendar.utdallas.edu/event/49090974547191/confirm: 404 Client Error: Not Found for url: https://calendar.utdallas.edu/event/49090974547191/confirm
2025-05-08 00:02:13,264 - ERROR - Error processing https://calendar.utdallas.edu/event/48774347697253/confirm: 404 Client Error: Not Found for url: https://calendar.utdallas.edu/event/48774347697253/confirm
2025-05-08 00:03:20,541 - ERROR - Error processing https://calendar.utdallas.edu/event/49021738211265/confirm: 404 Client Error: Not Found for url: https://calendar.utdallas.edu/event/49021738211265/confirm
2025-05-08 00:03:27,505 - ERROR - Error processing https://calendar.utdallas.edu/event/49039278582199/confirm: 404 Client Error: Not Found for url: https://calendar.utdallas.edu/event/49039278582199/confirm
2025-05-08 00:03:34,468 - ERROR - Error processing https://calendar.utdallas.edu/event/48922870811824/confirm: 404 Client Error: Not Found for url: https://calendar.utdallas.edu/event/48922870811824/confirm
2025-05-08 00:03:41,432 - ERROR - Error processing https://calendar.utdallas.edu/event/48782634168008/confirm: 404 Client Error: Not Found for url: https://calendar.utdallas.edu/event/48782634168008/confirm
2025-05-08 00:04:52,450 - ERROR - Error processing https://calendar.utdallas.edu/event/49420590348337/confirm: 404 Client Error: Not Found for url: https://calendar.utdallas.edu/event/49420590348337/confirm
2025-05-08 00:04:59,464 - ERROR - Error processing https://calendar.utdallas.edu/event/49340159530650/confirm: 404 Client Error: Not Found for url: https://calendar.utdallas.edu/event/49340159530650/confirm
2025-05-08 00:05:06,158 - ERROR - Error processing https://calendar.utdallas.edu/event/49055902874351/confirm: 404 Client Error: Not Found for url: https://calendar.utdallas.edu/event/49055902874351/confirm
2025-05-08 00:05:13,182 - ERROR - Error processing https://calendar.utdallas.edu/event/49055851599792/confirm: 404 Client Error: Not Found for url: https://calendar.utdallas.edu/event/49055851599792/confirm
2025-05-08 00:05:20,146 - ERROR - Error processing https://calendar.utdallas.edu/event/49146355358793/confirm: 404 Client Error: Not Found for url: https://calendar.utdallas.edu/event/49146355358793/confirm
2025-05-08 00:05:27,110 - ERROR - Error processing https://calendar.utdallas.edu/event/49146085867722/confirm: 404 Client Error: Not Found for url: https://calendar.utdallas.edu/event/49146085867722/confirm
2025-05-08 00:05:44,621 - ERROR - Error processing https://calendar.utdallas.edu/event/49471781198689/confirm: 404 Client Error: Not Found for url: https://calendar.utdallas.edu/event/49471781198689/confirm
2025-05-08 00:05:51,483 - ERROR - Error processing https://calendar.utdallas.edu/event/49370290587384/confirm: 404 Client Error: Not Found for url: https://calendar.utdallas.edu/event/49370290587384/confirm
2025-05-08 00:05:58,446 - ERROR - Error processing https://calendar.utdallas.edu/event/49370272237345/confirm: 404 Client Error: Not Found for url: https://calendar.utdallas.edu/event/49370272237345/confirm
2025-05-08 00:06:05,407 - ERROR - Error processing https://calendar.utdallas.edu/event/49270824845668/confirm: 404 Client Error: Not Found for url: https://calendar.utdallas.edu/event/49270824845668/confirm
2025-05-08 00:06:12,371 - ERROR - Error processing https://calendar.utdallas.edu/event/48958885854572/confirm: 404 Client Error: Not Found for url: https://calendar.utdallas.edu/event/48958885854572/confirm
2025-05-08 00:06:19,234 - ERROR - Error processing https://calendar.utdallas.edu/event/48596044659928/confirm: 404 Client Error: Not Found for url: https://calendar.utdallas.edu/event/48596044659928/confirm
2025-05-08 00:06:44,832 - ERROR - Error processing https://calendar.utdallas.edu/event/48738330971150/confirm: 404 Client Error: Not Found for url: https://calendar.utdallas.edu/event/48738330971150/confirm
2025-05-08 00:06:51,897 - ERROR - Error processing https://calendar.utdallas.edu/event/49217299430004/confirm: 404 Client Error: Not Found for url: https://calendar.utdallas.edu/event/49217299430004/confirm
2025-05-08 00:06:58,863 - ERROR - Error processing https://calendar.utdallas.edu/event/48738988983091/confirm: 404 Client Error: Not Found for url: https://calendar.utdallas.edu/event/48738988983091/confirm
2025-05-08 00:07:05,825 - ERROR - Error processing https://calendar.utdallas.edu/event/48961048101642/confirm: 404 Client Error: Not Found for url: https://calendar.utdallas.edu/event/48961048101642/confirm
2025-05-08 00:07:12,684 - ERROR - Error processing https://calendar.utdallas.edu/event/48738498278318/confirm: 404 Client Error: Not Found for url: https://calendar.utdallas.edu/event/48738498278318/confirm
2025-05-08 00:07:39,516 - ERROR - Error processing https://calendar.utdallas.edu/event/49296266609311/confirm: 404 Client Error: Not Found for url: https://calendar.utdallas.edu/event/49296266609311/confirm
2025-05-08 00:08:10,133 - ERROR - Error processing https://calendar.utdallas.edu/event/49269779556043/confirm: 404 Client Error: Not Found for url: https://calendar.utdallas.edu/event/49269779556043/confirm
2025-05-08 00:08:17,199 - ERROR - Error processing https://calendar.utdallas.edu/event/48783679153972/confirm: 404 Client Error: Not Found for url: https://calendar.utdallas.edu/event/48783679153972/confirm
2025-05-08 00:08:24,265 - ERROR - Error processing https://calendar.utdallas.edu/event/49047664198192/confirm: 404 Client Error: Not Found for url: https://calendar.utdallas.edu/event/49047664198192/confirm
2025-05-08 00:08:31,229 - ERROR - Error processing https://calendar.utdallas.edu/event/48844783752874/confirm: 404 Client Error: Not Found for url: https://calendar.utdallas.edu/event/48844783752874/confirm
2025-05-08 00:08:38,192 - ERROR - Error processing https://calendar.utdallas.edu/event/48783722220599/confirm: 404 Client Error: Not Found for url: https://calendar.utdallas.edu/event/48783722220599/confirm
2025-05-08 00:08:45,016 - ERROR - Error processing https://calendar.utdallas.edu/event/48191036365682/confirm: 404 Client Error: Not Found for url: https://calendar.utdallas.edu/event/48191036365682/confirm
2025-05-08 00:09:52,944 - ERROR - Error processing https://calendar.utdallas.edu/event/46675814648965/confirm: 404 Client Error: Not Found for url: https://calendar.utdallas.edu/event/46675814648965/confirm
2025-05-08 00:09:59,907 - ERROR - Error processing https://calendar.utdallas.edu/event/49090573422087/confirm: 404 Client Error: Not Found for url: https://calendar.utdallas.edu/event/49090573422087/confirm
2025-05-08 00:10:06,791 - ERROR - Error processing https://calendar.utdallas.edu/event/48906777953810/confirm: 404 Client Error: Not Found for url: https://calendar.utdallas.edu/event/48906777953810/confirm
2025-05-08 00:10:13,766 - ERROR - Error processing https://calendar.utdallas.edu/event/46631689708536/confirm: 404 Client Error: Not Found for url: https://calendar.utdallas.edu/event/46631689708536/confirm
2025-05-08 00:10:41,789 - ERROR - Error processing https://calendar.utdallas.edu/event/49145162534548/confirm: 404 Client Error: Not Found for url: https://calendar.utdallas.edu/event/49145162534548/confirm
2025-05-08 00:10:48,754 - ERROR - Error processing https://calendar.utdallas.edu/event/48790972659079/confirm: 404 Client Error: Not Found for url: https://calendar.utdallas.edu/event/48790972659079/confirm
2025-05-08 00:10:56,023 - ERROR - Error processing https://calendar.utdallas.edu/event/47720147292589/confirm: 404 Client Error: Not Found for url: https://calendar.utdallas.edu/event/47720147292589/confirm
2025-05-08 00:11:03,398 - ERROR - Error processing https://calendar.utdallas.edu/event/46941861357822/confirm: 404 Client Error: Not Found for url: https://calendar.utdallas.edu/event/46941861357822/confirm
2025-05-08 00:11:26,233 - ERROR - Error processing https://calendar.utdallas.edu/event/49480461483191/confirm: 404 Client Error: Not Found for url: https://calendar.utdallas.edu/event/49480461483191/confirm
2025-05-08 00:11:33,300 - ERROR - Error processing https://calendar.utdallas.edu/event/48976898610478/confirm: 404 Client Error: Not Found for url: https://calendar.utdallas.edu/event/48976898610478/confirm
2025-05-08 00:11:40,363 - ERROR - Error processing https://calendar.utdallas.edu/event/49015850381879/confirm: 404 Client Error: Not Found for url: https://calendar.utdallas.edu/event/49015850381879/confirm
2025-05-08 00:11:47,327 - ERROR - Error processing https://calendar.utdallas.edu/event/48976850777579/confirm: 404 Client Error: Not Found for url: https://calendar.utdallas.edu/event/48976850777579/confirm
2025-05-08 00:11:54,387 - ERROR - Error processing https://calendar.utdallas.edu/event/47984846063638/confirm: 404 Client Error: Not Found for url: https://calendar.utdallas.edu/event/47984846063638/confirm
2025-05-08 00:13:12,637 - ERROR - Error processing https://calendar.utdallas.edu/event/47624142360632/confirm: 404 Client Error: Not Found for url: https://calendar.utdallas.edu/event/47624142360632/confirm
2025-05-08 00:13:19,925 - ERROR - Error processing https://calendar.utdallas.edu/event/47695346526258/confirm: 404 Client Error: Not Found for url: https://calendar.utdallas.edu/event/47695346526258/confirm
2025-05-08 00:13:26,403 - ERROR - Error processing https://calendar.utdallas.edu/event/47665976383934/confirm: 404 Client Error: Not Found for url: https://calendar.utdallas.edu/event/47665976383934/confirm
2025-05-08 00:13:40,789 - ERROR - Error processing https://calendar.utdallas.edu/event/48287785344913/confirm: 404 Client Error: Not Found for url: https://calendar.utdallas.edu/event/48287785344913/confirm
2025-05-08 00:13:47,854 - ERROR - Error processing https://calendar.utdallas.edu/event/48677759173196/confirm: 404 Client Error: Not Found for url: https://calendar.utdallas.edu/event/48677759173196/confirm
2025-05-08 00:14:15,355 - ERROR - Error processing https://calendar.utdallas.edu/event/49057225584745/confirm: 404 Client Error: Not Found for url: https://calendar.utdallas.edu/event/49057225584745/confirm
2025-05-08 00:14:22,426 - ERROR - Error processing https://calendar.utdallas.edu/event/49057149375277/confirm: 404 Client Error: Not Found for url: https://calendar.utdallas.edu/event/49057149375277/confirm
2025-05-08 00:14:29,249 - ERROR - Error processing https://calendar.utdallas.edu/event/48906751839240/confirm: 404 Client Error: Not Found for url: https://calendar.utdallas.edu/event/48906751839240/confirm
2025-05-08 00:14:36,391 - ERROR - Error processing https://calendar.utdallas.edu/event/48724689795184/confirm: 404 Client Error: Not Found for url: https://calendar.utdallas.edu/event/48724689795184/confirm
2025-05-08 00:14:43,266 - ERROR - Error processing https://calendar.utdallas.edu/event/48658257505776/confirm: 404 Client Error: Not Found for url: https://calendar.utdallas.edu/event/48658257505776/confirm
2025-05-08 00:14:50,830 - ERROR - Error processing https://calendar.utdallas.edu/event/48604675985284/confirm: 404 Client Error: Not Found for url: https://calendar.utdallas.edu/event/48604675985284/confirm
2025-05-08 00:15:24,113 - ERROR - Error processing https://calendar.utdallas.edu/event/49242371250050/confirm: 404 Client Error: Not Found for url: https://calendar.utdallas.edu/event/49242371250050/confirm
2025-05-08 00:15:31,101 - ERROR - Error processing https://calendar.utdallas.edu/event/48294560192431/confirm: 404 Client Error: Not Found for url: https://calendar.utdallas.edu/event/48294560192431/confirm
2025-05-08 00:15:38,038 - ERROR - Error processing https://calendar.utdallas.edu/event/47631181481605/confirm: 404 Client Error: Not Found for url: https://calendar.utdallas.edu/event/47631181481605/confirm
2025-05-08 00:15:45,019 - ERROR - Error processing https://calendar.utdallas.edu/event/47631092402629/confirm: 404 Client Error: Not Found for url: https://calendar.utdallas.edu/event/47631092402629/confirm
2025-05-08 00:15:51,967 - ERROR - Error processing https://calendar.utdallas.edu/event/47844243107575/confirm: 404 Client Error: Not Found for url: https://calendar.utdallas.edu/event/47844243107575/confirm
2025-05-08 00:15:59,035 - ERROR - Error processing https://calendar.utdallas.edu/event/47630990493976/confirm: 404 Client Error: Not Found for url: https://calendar.utdallas.edu/event/47630990493976/confirm
2025-05-08 00:20:03,565 - ERROR - Error processing https://calendar.utdallas.edu/event/49488876969118/confirm: 404 Client Error: Not Found for url: https://calendar.utdallas.edu/event/49488876969118/confirm
2025-05-08 00:20:10,529 - ERROR - Error processing https://calendar.utdallas.edu/event/49312971106806/confirm: 404 Client Error: Not Found for url: https://calendar.utdallas.edu/event/49312971106806/confirm
2025-05-08 00:20:18,210 - ERROR - Error processing https://calendar.utdallas.edu/event/49454588509517/confirm: 404 Client Error: Not Found for url: https://calendar.utdallas.edu/event/49454588509517/confirm
2025-05-08 00:20:24,994 - ERROR - Error processing https://calendar.utdallas.edu/event/49488993900026/confirm: 404 Client Error: Not Found for url: https://calendar.utdallas.edu/event/49488993900026/confirm
2025-05-08 00:20:31,930 - ERROR - Error processing https://calendar.utdallas.edu/event/48366111281389/confirm: 404 Client Error: Not Found for url: https://calendar.utdallas.edu/event/48366111281389/confirm
2025-05-08 00:20:38,484 - ERROR - Error processing https://calendar.utdallas.edu/event/47846077877975/confirm: 404 Client Error: Not Found for url: https://calendar.utdallas.edu/event/47846077877975/confirm
2025-05-08 00:20:45,244 - ERROR - Error processing https://calendar.utdallas.edu/event/49488847913296/confirm: 404 Client Error: Not Found for url: https://calendar.utdallas.edu/event/49488847913296/confirm
2025-05-08 00:20:53,419 - ERROR - Error processing https://calendar.utdallas.edu/event/49488973053184/confirm: 404 Client Error: Not Found for url: https://calendar.utdallas.edu/event/49488973053184/confirm
2025-05-08 00:21:00,195 - ERROR - Error processing https://calendar.utdallas.edu/event/49552274386956/confirm: 404 Client Error: Not Found for url: https://calendar.utdallas.edu/event/49552274386956/confirm
2025-05-08 00:21:06,953 - ERROR - Error processing https://calendar.utdallas.edu/event/48224417122520/confirm: 404 Client Error: Not Found for url: https://calendar.utdallas.edu/event/48224417122520/confirm
